2018-11-26 14:08:50,329 - Starting ProductInfoServiceImplTest on Kim-PC with PID 12808 (started by Administrator in E:\hjz\spring-boot-pay\sell)
2018-11-26 14:08:50,331 - No active profile set, falling back to default profiles: default
2018-11-26 14:08:52,459 - Bootstrapping Spring Data repositories in DEFAULT mode.
2018-11-26 14:08:52,569 - Finished Spring Data repository scanning in 87ms. Found 2 repository interfaces.
2018-11-26 14:08:53,069 - Bean 'org.springframework.transaction.annotation.ProxyTransactionManagementConfiguration' of type [org.springframework.transaction.annotation.ProxyTransactionManagementConfiguration$$EnhancerBySpringCGLIB$$abea0edf] is not eligible for getting processed by all BeanPostProcessors (for example: not eligible for auto-proxying)
2018-11-26 14:08:53,619 - HikariPool-1 - Starting...
2018-11-26 14:08:53,624 - Registered driver with driverClassName=com.mysql.jdbc.Driver was not found, trying direct instantiation.
2018-11-26 14:08:55,247 - Unable to determine jdbc url from datasource
org.springframework.jdbc.support.MetaDataAccessException: Could not get Connection for extracting meta-data; nested exception is org.springframework.jdbc.CannotGetJdbcConnectionException: Failed to obtain JDBC Connection; nested exception is java.sql.SQLNonTransientConnectionException: Public Key Retrieval is not allowed
	at org.springframework.jdbc.support.JdbcUtils.extractDatabaseMetaData(JdbcUtils.java:328)
	at org.springframework.jdbc.support.JdbcUtils.extractDatabaseMetaData(JdbcUtils.java:356)
	at org.springframework.boot.autoconfigure.orm.jpa.DatabaseLookup.getDatabase(DatabaseLookup.java:72)
	at org.springframework.boot.autoconfigure.orm.jpa.JpaProperties.determineDatabase(JpaProperties.java:142)
	at org.springframework.boot.autoconfigure.orm.jpa.JpaBaseConfiguration.jpaVendorAdapter(JpaBaseConfiguration.java:112)
	at org.springframework.boot.autoconfigure.orm.jpa.HibernateJpaConfiguration$$EnhancerBySpringCGLIB$$cac0d14e.CGLIB$jpaVendorAdapter$5(<generated>)
	at org.springframework.boot.autoconfigure.orm.jpa.HibernateJpaConfiguration$$EnhancerBySpringCGLIB$$cac0d14e$$FastClassBySpringCGLIB$$617244f8.invoke(<generated>)
	at org.springframework.cglib.proxy.MethodProxy.invokeSuper(MethodProxy.java:244)
	at org.springframework.context.annotation.ConfigurationClassEnhancer$BeanMethodInterceptor.intercept(ConfigurationClassEnhancer.java:363)
	at org.springframework.boot.autoconfigure.orm.jpa.HibernateJpaConfiguration$$EnhancerBySpringCGLIB$$cac0d14e.jpaVendorAdapter(<generated>)
	at sun.reflect.NativeMethodAccessorImpl.invoke0(Native Method)
	at sun.reflect.NativeMethodAccessorImpl.invoke(NativeMethodAccessorImpl.java:62)
	at sun.reflect.DelegatingMethodAccessorImpl.invoke(DelegatingMethodAccessorImpl.java:43)
	at java.lang.reflect.Method.invoke(Method.java:498)
	at org.springframework.beans.factory.support.SimpleInstantiationStrategy.instantiate(SimpleInstantiationStrategy.java:154)
	at org.springframework.beans.factory.support.ConstructorResolver.instantiate(ConstructorResolver.java:620)
	at org.springframework.beans.factory.support.ConstructorResolver.instantiateUsingFactoryMethod(ConstructorResolver.java:455)
	at org.springframework.beans.factory.support.AbstractAutowireCapableBeanFactory.instantiateUsingFactoryMethod(AbstractAutowireCapableBeanFactory.java:1288)
	at org.springframework.beans.factory.support.AbstractAutowireCapableBeanFactory.createBeanInstance(AbstractAutowireCapableBeanFactory.java:1127)
	at org.springframework.beans.factory.support.AbstractAutowireCapableBeanFactory.doCreateBean(AbstractAutowireCapableBeanFactory.java:538)
	at org.springframework.beans.factory.support.AbstractAutowireCapableBeanFactory.createBean(AbstractAutowireCapableBeanFactory.java:498)
	at org.springframework.beans.factory.support.AbstractBeanFactory.lambda$doGetBean$0(AbstractBeanFactory.java:320)
	at org.springframework.beans.factory.support.DefaultSingletonBeanRegistry.getSingleton(DefaultSingletonBeanRegistry.java:222)
	at org.springframework.beans.factory.support.AbstractBeanFactory.doGetBean(AbstractBeanFactory.java:318)
	at org.springframework.beans.factory.support.AbstractBeanFactory.getBean(AbstractBeanFactory.java:199)
	at org.springframework.beans.factory.config.DependencyDescriptor.resolveCandidate(DependencyDescriptor.java:273)
	at org.springframework.beans.factory.support.DefaultListableBeanFactory.doResolveDependency(DefaultListableBeanFactory.java:1239)
	at org.springframework.beans.factory.support.DefaultListableBeanFactory.resolveDependency(DefaultListableBeanFactory.java:1166)
	at org.springframework.beans.factory.support.ConstructorResolver.resolveAutowiredArgument(ConstructorResolver.java:855)
	at org.springframework.beans.factory.support.ConstructorResolver.createArgumentArray(ConstructorResolver.java:758)
	at org.springframework.beans.factory.support.ConstructorResolver.instantiateUsingFactoryMethod(ConstructorResolver.java:508)
	at org.springframework.beans.factory.support.AbstractAutowireCapableBeanFactory.instantiateUsingFactoryMethod(AbstractAutowireCapableBeanFactory.java:1288)
	at org.springframework.beans.factory.support.AbstractAutowireCapableBeanFactory.createBeanInstance(AbstractAutowireCapableBeanFactory.java:1127)
	at org.springframework.beans.factory.support.AbstractAutowireCapableBeanFactory.doCreateBean(AbstractAutowireCapableBeanFactory.java:538)
	at org.springframework.beans.factory.support.AbstractAutowireCapableBeanFactory.createBean(AbstractAutowireCapableBeanFactory.java:498)
	at org.springframework.beans.factory.support.AbstractBeanFactory.lambda$doGetBean$0(AbstractBeanFactory.java:320)
	at org.springframework.beans.factory.support.DefaultSingletonBeanRegistry.getSingleton(DefaultSingletonBeanRegistry.java:222)
	at org.springframework.beans.factory.support.AbstractBeanFactory.doGetBean(AbstractBeanFactory.java:318)
	at org.springframework.beans.factory.support.AbstractBeanFactory.getBean(AbstractBeanFactory.java:199)
	at org.springframework.beans.factory.config.DependencyDescriptor.resolveCandidate(DependencyDescriptor.java:273)
	at org.springframework.beans.factory.support.DefaultListableBeanFactory.doResolveDependency(DefaultListableBeanFactory.java:1239)
	at org.springframework.beans.factory.support.DefaultListableBeanFactory.resolveDependency(DefaultListableBeanFactory.java:1166)
	at org.springframework.beans.factory.support.ConstructorResolver.resolveAutowiredArgument(ConstructorResolver.java:855)
	at org.springframework.beans.factory.support.ConstructorResolver.createArgumentArray(ConstructorResolver.java:758)
	at org.springframework.beans.factory.support.ConstructorResolver.instantiateUsingFactoryMethod(ConstructorResolver.java:508)
	at org.springframework.beans.factory.support.AbstractAutowireCapableBeanFactory.instantiateUsingFactoryMethod(AbstractAutowireCapableBeanFactory.java:1288)
	at org.springframework.beans.factory.support.AbstractAutowireCapableBeanFactory.createBeanInstance(AbstractAutowireCapableBeanFactory.java:1127)
	at org.springframework.beans.factory.support.AbstractAutowireCapableBeanFactory.doCreateBean(AbstractAutowireCapableBeanFactory.java:538)
	at org.springframework.beans.factory.support.AbstractAutowireCapableBeanFactory.createBean(AbstractAutowireCapableBeanFactory.java:498)
	at org.springframework.beans.factory.support.AbstractBeanFactory.lambda$doGetBean$0(AbstractBeanFactory.java:320)
	at org.springframework.beans.factory.support.DefaultSingletonBeanRegistry.getSingleton(DefaultSingletonBeanRegistry.java:222)
	at org.springframework.beans.factory.support.AbstractBeanFactory.doGetBean(AbstractBeanFactory.java:318)
	at org.springframework.beans.factory.support.AbstractBeanFactory.getBean(AbstractBeanFactory.java:199)
	at org.springframework.context.support.AbstractApplicationContext.getBean(AbstractApplicationContext.java:1083)
	at org.springframework.context.support.AbstractApplicationContext.finishBeanFactoryInitialization(AbstractApplicationContext.java:853)
	at org.springframework.context.support.AbstractApplicationContext.refresh(AbstractApplicationContext.java:546)
	at org.springframework.boot.SpringApplication.refresh(SpringApplication.java:775)
	at org.springframework.boot.SpringApplication.refreshContext(SpringApplication.java:397)
	at org.springframework.boot.SpringApplication.run(SpringApplication.java:316)
	at org.springframework.boot.test.context.SpringBootContextLoader.loadContext(SpringBootContextLoader.java:127)
	at org.springframework.test.context.cache.DefaultCacheAwareContextLoaderDelegate.loadContextInternal(DefaultCacheAwareContextLoaderDelegate.java:99)
	at org.springframework.test.context.cache.DefaultCacheAwareContextLoaderDelegate.loadContext(DefaultCacheAwareContextLoaderDelegate.java:117)
	at org.springframework.test.context.support.DefaultTestContext.getApplicationContext(DefaultTestContext.java:108)
	at org.springframework.test.context.web.ServletTestExecutionListener.setUpRequestContextIfNecessary(ServletTestExecutionListener.java:190)
	at org.springframework.test.context.web.ServletTestExecutionListener.prepareTestInstance(ServletTestExecutionListener.java:132)
	at org.springframework.test.context.TestContextManager.prepareTestInstance(TestContextManager.java:246)
	at org.springframework.test.context.junit4.SpringJUnit4ClassRunner.createTest(SpringJUnit4ClassRunner.java:227)
	at org.springframework.test.context.junit4.SpringJUnit4ClassRunner$1.runReflectiveCall(SpringJUnit4ClassRunner.java:289)
	at org.junit.internal.runners.model.ReflectiveCallable.run(ReflectiveCallable.java:12)
	at org.springframework.test.context.junit4.SpringJUnit4ClassRunner.methodBlock(SpringJUnit4ClassRunner.java:291)
	at org.springframework.test.context.junit4.SpringJUnit4ClassRunner.runChild(SpringJUnit4ClassRunner.java:246)
	at org.springframework.test.context.junit4.SpringJUnit4ClassRunner.runChild(SpringJUnit4ClassRunner.java:97)
	at org.junit.runners.ParentRunner$3.run(ParentRunner.java:290)
	at org.junit.runners.ParentRunner$1.schedule(ParentRunner.java:71)
	at org.junit.runners.ParentRunner.runChildren(ParentRunner.java:288)
	at org.junit.runners.ParentRunner.access$000(ParentRunner.java:58)
	at org.junit.runners.ParentRunner$2.evaluate(ParentRunner.java:268)
	at org.springframework.test.context.junit4.statements.RunBeforeTestClassCallbacks.evaluate(RunBeforeTestClassCallbacks.java:61)
	at org.springframework.test.context.junit4.statements.RunAfterTestClassCallbacks.evaluate(RunAfterTestClassCallbacks.java:70)
	at org.junit.runners.ParentRunner.run(ParentRunner.java:363)
	at org.springframework.test.context.junit4.SpringJUnit4ClassRunner.run(SpringJUnit4ClassRunner.java:190)
	at org.junit.runner.JUnitCore.run(JUnitCore.java:137)
	at com.intellij.junit4.JUnit4IdeaTestRunner.startRunnerWithArgs(JUnit4IdeaTestRunner.java:68)
	at com.intellij.rt.execution.junit.IdeaTestRunner$Repeater.startRunnerWithArgs(IdeaTestRunner.java:47)
	at com.intellij.rt.execution.junit.JUnitStarter.prepareStreamsAndStart(JUnitStarter.java:242)
	at com.intellij.rt.execution.junit.JUnitStarter.main(JUnitStarter.java:70)
Caused by: org.springframework.jdbc.CannotGetJdbcConnectionException: Failed to obtain JDBC Connection; nested exception is java.sql.SQLNonTransientConnectionException: Public Key Retrieval is not allowed
	at org.springframework.jdbc.datasource.DataSourceUtils.getConnection(DataSourceUtils.java:81)
	at org.springframework.jdbc.support.JdbcUtils.extractDatabaseMetaData(JdbcUtils.java:319)
	... 85 common frames omitted
Caused by: java.sql.SQLNonTransientConnectionException: Public Key Retrieval is not allowed
	at com.mysql.cj.jdbc.exceptions.SQLError.createSQLException(SQLError.java:110)
	at com.mysql.cj.jdbc.exceptions.SQLError.createSQLException(SQLError.java:97)
	at com.mysql.cj.jdbc.exceptions.SQLExceptionsMapping.translateException(SQLExceptionsMapping.java:122)
	at com.mysql.cj.jdbc.ConnectionImpl.createNewIO(ConnectionImpl.java:835)
	at com.mysql.cj.jdbc.ConnectionImpl.<init>(ConnectionImpl.java:455)
	at com.mysql.cj.jdbc.ConnectionImpl.getInstance(ConnectionImpl.java:240)
	at com.mysql.cj.jdbc.NonRegisteringDriver.connect(NonRegisteringDriver.java:207)
	at com.zaxxer.hikari.util.DriverDataSource.getConnection(DriverDataSource.java:136)
	at com.zaxxer.hikari.pool.PoolBase.newConnection(PoolBase.java:369)
	at com.zaxxer.hikari.pool.PoolBase.newPoolEntry(PoolBase.java:198)
	at com.zaxxer.hikari.pool.HikariPool.createPoolEntry(HikariPool.java:467)
	at com.zaxxer.hikari.pool.HikariPool.checkFailFast(HikariPool.java:541)
	at com.zaxxer.hikari.pool.HikariPool.<init>(HikariPool.java:115)
	at com.zaxxer.hikari.HikariDataSource.getConnection(HikariDataSource.java:112)
	at org.springframework.jdbc.datasource.DataSourceUtils.fetchConnection(DataSourceUtils.java:151)
	at org.springframework.jdbc.datasource.DataSourceUtils.doGetConnection(DataSourceUtils.java:115)
	at org.springframework.jdbc.datasource.DataSourceUtils.getConnection(DataSourceUtils.java:78)
	... 86 common frames omitted
2018-11-26 14:08:55,313 - HikariPool-1 - Starting...
2018-11-26 14:08:55,313 - Registered driver with driverClassName=com.mysql.jdbc.Driver was not found, trying direct instantiation.
2018-11-26 14:08:56,619 - HHH000204: Processing PersistenceUnitInfo [
	name: default
	...]
2018-11-26 14:08:57,049 - HHH000412: Hibernate Core {5.3.7.Final}
2018-11-26 14:08:57,051 - HHH000206: hibernate.properties not found
2018-11-26 14:08:57,712 - HCANN000001: Hibernate Commons Annotations {5.0.4.Final}
2018-11-26 14:08:58,666 - HikariPool-1 - Starting...
2018-11-26 14:08:58,666 - Registered driver with driverClassName=com.mysql.jdbc.Driver was not found, trying direct instantiation.
2018-11-26 14:08:59,688 - HHH000342: Could not obtain connection to query metadata : Public Key Retrieval is not allowed
2018-11-26 14:08:59,750 - Exception encountered during context initialization - cancelling refresh attempt: org.springframework.beans.factory.BeanCreationException: Error creating bean with name 'entityManagerFactory' defined in class path resource [org/springframework/boot/autoconfigure/orm/jpa/HibernateJpaConfiguration.class]: Invocation of init method failed; nested exception is org.hibernate.service.spi.ServiceException: Unable to create requested service [org.hibernate.engine.jdbc.env.spi.JdbcEnvironment]
2018-11-26 14:08:59,758 - 

Error starting ApplicationContext. To display the conditions report re-run your application with 'debug' enabled.
2018-11-26 14:09:38,947 - Starting ProductInfoServiceImplTest on Kim-PC with PID 11716 (started by Administrator in E:\hjz\spring-boot-pay\sell)
2018-11-26 14:09:38,948 - No active profile set, falling back to default profiles: default
2018-11-26 14:09:39,679 - Bootstrapping Spring Data repositories in DEFAULT mode.
2018-11-26 14:09:39,769 - Finished Spring Data repository scanning in 77ms. Found 2 repository interfaces.
2018-11-26 14:09:40,253 - Bean 'org.springframework.transaction.annotation.ProxyTransactionManagementConfiguration' of type [org.springframework.transaction.annotation.ProxyTransactionManagementConfiguration$$EnhancerBySpringCGLIB$$a26dbc1a] is not eligible for getting processed by all BeanPostProcessors (for example: not eligible for auto-proxying)
2018-11-26 14:09:40,508 - HikariPool-1 - Starting...
2018-11-26 14:09:40,511 - Registered driver with driverClassName=com.mysql.jdbc.Driver was not found, trying direct instantiation.
2018-11-26 14:09:41,717 - Unable to determine jdbc url from datasource
org.springframework.jdbc.support.MetaDataAccessException: Could not get Connection for extracting meta-data; nested exception is org.springframework.jdbc.CannotGetJdbcConnectionException: Failed to obtain JDBC Connection; nested exception is java.sql.SQLNonTransientConnectionException: Public Key Retrieval is not allowed
	at org.springframework.jdbc.support.JdbcUtils.extractDatabaseMetaData(JdbcUtils.java:328)
	at org.springframework.jdbc.support.JdbcUtils.extractDatabaseMetaData(JdbcUtils.java:356)
	at org.springframework.boot.autoconfigure.orm.jpa.DatabaseLookup.getDatabase(DatabaseLookup.java:72)
	at org.springframework.boot.autoconfigure.orm.jpa.JpaProperties.determineDatabase(JpaProperties.java:142)
	at org.springframework.boot.autoconfigure.orm.jpa.JpaBaseConfiguration.jpaVendorAdapter(JpaBaseConfiguration.java:112)
	at org.springframework.boot.autoconfigure.orm.jpa.HibernateJpaConfiguration$$EnhancerBySpringCGLIB$$c1447e89.CGLIB$jpaVendorAdapter$5(<generated>)
	at org.springframework.boot.autoconfigure.orm.jpa.HibernateJpaConfiguration$$EnhancerBySpringCGLIB$$c1447e89$$FastClassBySpringCGLIB$$2638106c.invoke(<generated>)
	at org.springframework.cglib.proxy.MethodProxy.invokeSuper(MethodProxy.java:244)
	at org.springframework.context.annotation.ConfigurationClassEnhancer$BeanMethodInterceptor.intercept(ConfigurationClassEnhancer.java:363)
	at org.springframework.boot.autoconfigure.orm.jpa.HibernateJpaConfiguration$$EnhancerBySpringCGLIB$$c1447e89.jpaVendorAdapter(<generated>)
	at sun.reflect.NativeMethodAccessorImpl.invoke0(Native Method)
	at sun.reflect.NativeMethodAccessorImpl.invoke(NativeMethodAccessorImpl.java:62)
	at sun.reflect.DelegatingMethodAccessorImpl.invoke(DelegatingMethodAccessorImpl.java:43)
	at java.lang.reflect.Method.invoke(Method.java:498)
	at org.springframework.beans.factory.support.SimpleInstantiationStrategy.instantiate(SimpleInstantiationStrategy.java:154)
	at org.springframework.beans.factory.support.ConstructorResolver.instantiate(ConstructorResolver.java:620)
	at org.springframework.beans.factory.support.ConstructorResolver.instantiateUsingFactoryMethod(ConstructorResolver.java:455)
	at org.springframework.beans.factory.support.AbstractAutowireCapableBeanFactory.instantiateUsingFactoryMethod(AbstractAutowireCapableBeanFactory.java:1288)
	at org.springframework.beans.factory.support.AbstractAutowireCapableBeanFactory.createBeanInstance(AbstractAutowireCapableBeanFactory.java:1127)
	at org.springframework.beans.factory.support.AbstractAutowireCapableBeanFactory.doCreateBean(AbstractAutowireCapableBeanFactory.java:538)
	at org.springframework.beans.factory.support.AbstractAutowireCapableBeanFactory.createBean(AbstractAutowireCapableBeanFactory.java:498)
	at org.springframework.beans.factory.support.AbstractBeanFactory.lambda$doGetBean$0(AbstractBeanFactory.java:320)
	at org.springframework.beans.factory.support.DefaultSingletonBeanRegistry.getSingleton(DefaultSingletonBeanRegistry.java:222)
	at org.springframework.beans.factory.support.AbstractBeanFactory.doGetBean(AbstractBeanFactory.java:318)
	at org.springframework.beans.factory.support.AbstractBeanFactory.getBean(AbstractBeanFactory.java:199)
	at org.springframework.beans.factory.config.DependencyDescriptor.resolveCandidate(DependencyDescriptor.java:273)
	at org.springframework.beans.factory.support.DefaultListableBeanFactory.doResolveDependency(DefaultListableBeanFactory.java:1239)
	at org.springframework.beans.factory.support.DefaultListableBeanFactory.resolveDependency(DefaultListableBeanFactory.java:1166)
	at org.springframework.beans.factory.support.ConstructorResolver.resolveAutowiredArgument(ConstructorResolver.java:855)
	at org.springframework.beans.factory.support.ConstructorResolver.createArgumentArray(ConstructorResolver.java:758)
	at org.springframework.beans.factory.support.ConstructorResolver.instantiateUsingFactoryMethod(ConstructorResolver.java:508)
	at org.springframework.beans.factory.support.AbstractAutowireCapableBeanFactory.instantiateUsingFactoryMethod(AbstractAutowireCapableBeanFactory.java:1288)
	at org.springframework.beans.factory.support.AbstractAutowireCapableBeanFactory.createBeanInstance(AbstractAutowireCapableBeanFactory.java:1127)
	at org.springframework.beans.factory.support.AbstractAutowireCapableBeanFactory.doCreateBean(AbstractAutowireCapableBeanFactory.java:538)
	at org.springframework.beans.factory.support.AbstractAutowireCapableBeanFactory.createBean(AbstractAutowireCapableBeanFactory.java:498)
	at org.springframework.beans.factory.support.AbstractBeanFactory.lambda$doGetBean$0(AbstractBeanFactory.java:320)
	at org.springframework.beans.factory.support.DefaultSingletonBeanRegistry.getSingleton(DefaultSingletonBeanRegistry.java:222)
	at org.springframework.beans.factory.support.AbstractBeanFactory.doGetBean(AbstractBeanFactory.java:318)
	at org.springframework.beans.factory.support.AbstractBeanFactory.getBean(AbstractBeanFactory.java:199)
	at org.springframework.beans.factory.config.DependencyDescriptor.resolveCandidate(DependencyDescriptor.java:273)
	at org.springframework.beans.factory.support.DefaultListableBeanFactory.doResolveDependency(DefaultListableBeanFactory.java:1239)
	at org.springframework.beans.factory.support.DefaultListableBeanFactory.resolveDependency(DefaultListableBeanFactory.java:1166)
	at org.springframework.beans.factory.support.ConstructorResolver.resolveAutowiredArgument(ConstructorResolver.java:855)
	at org.springframework.beans.factory.support.ConstructorResolver.createArgumentArray(ConstructorResolver.java:758)
	at org.springframework.beans.factory.support.ConstructorResolver.instantiateUsingFactoryMethod(ConstructorResolver.java:508)
	at org.springframework.beans.factory.support.AbstractAutowireCapableBeanFactory.instantiateUsingFactoryMethod(AbstractAutowireCapableBeanFactory.java:1288)
	at org.springframework.beans.factory.support.AbstractAutowireCapableBeanFactory.createBeanInstance(AbstractAutowireCapableBeanFactory.java:1127)
	at org.springframework.beans.factory.support.AbstractAutowireCapableBeanFactory.doCreateBean(AbstractAutowireCapableBeanFactory.java:538)
	at org.springframework.beans.factory.support.AbstractAutowireCapableBeanFactory.createBean(AbstractAutowireCapableBeanFactory.java:498)
	at org.springframework.beans.factory.support.AbstractBeanFactory.lambda$doGetBean$0(AbstractBeanFactory.java:320)
	at org.springframework.beans.factory.support.DefaultSingletonBeanRegistry.getSingleton(DefaultSingletonBeanRegistry.java:222)
	at org.springframework.beans.factory.support.AbstractBeanFactory.doGetBean(AbstractBeanFactory.java:318)
	at org.springframework.beans.factory.support.AbstractBeanFactory.getBean(AbstractBeanFactory.java:199)
	at org.springframework.context.support.AbstractApplicationContext.getBean(AbstractApplicationContext.java:1083)
	at org.springframework.context.support.AbstractApplicationContext.finishBeanFactoryInitialization(AbstractApplicationContext.java:853)
	at org.springframework.context.support.AbstractApplicationContext.refresh(AbstractApplicationContext.java:546)
	at org.springframework.boot.SpringApplication.refresh(SpringApplication.java:775)
	at org.springframework.boot.SpringApplication.refreshContext(SpringApplication.java:397)
	at org.springframework.boot.SpringApplication.run(SpringApplication.java:316)
	at org.springframework.boot.test.context.SpringBootContextLoader.loadContext(SpringBootContextLoader.java:127)
	at org.springframework.test.context.cache.DefaultCacheAwareContextLoaderDelegate.loadContextInternal(DefaultCacheAwareContextLoaderDelegate.java:99)
	at org.springframework.test.context.cache.DefaultCacheAwareContextLoaderDelegate.loadContext(DefaultCacheAwareContextLoaderDelegate.java:117)
	at org.springframework.test.context.support.DefaultTestContext.getApplicationContext(DefaultTestContext.java:108)
	at org.springframework.test.context.web.ServletTestExecutionListener.setUpRequestContextIfNecessary(ServletTestExecutionListener.java:190)
	at org.springframework.test.context.web.ServletTestExecutionListener.prepareTestInstance(ServletTestExecutionListener.java:132)
	at org.springframework.test.context.TestContextManager.prepareTestInstance(TestContextManager.java:246)
	at org.springframework.test.context.junit4.SpringJUnit4ClassRunner.createTest(SpringJUnit4ClassRunner.java:227)
	at org.springframework.test.context.junit4.SpringJUnit4ClassRunner$1.runReflectiveCall(SpringJUnit4ClassRunner.java:289)
	at org.junit.internal.runners.model.ReflectiveCallable.run(ReflectiveCallable.java:12)
	at org.springframework.test.context.junit4.SpringJUnit4ClassRunner.methodBlock(SpringJUnit4ClassRunner.java:291)
	at org.springframework.test.context.junit4.SpringJUnit4ClassRunner.runChild(SpringJUnit4ClassRunner.java:246)
	at org.springframework.test.context.junit4.SpringJUnit4ClassRunner.runChild(SpringJUnit4ClassRunner.java:97)
	at org.junit.runners.ParentRunner$3.run(ParentRunner.java:290)
	at org.junit.runners.ParentRunner$1.schedule(ParentRunner.java:71)
	at org.junit.runners.ParentRunner.runChildren(ParentRunner.java:288)
	at org.junit.runners.ParentRunner.access$000(ParentRunner.java:58)
	at org.junit.runners.ParentRunner$2.evaluate(ParentRunner.java:268)
	at org.springframework.test.context.junit4.statements.RunBeforeTestClassCallbacks.evaluate(RunBeforeTestClassCallbacks.java:61)
	at org.springframework.test.context.junit4.statements.RunAfterTestClassCallbacks.evaluate(RunAfterTestClassCallbacks.java:70)
	at org.junit.runners.ParentRunner.run(ParentRunner.java:363)
	at org.springframework.test.context.junit4.SpringJUnit4ClassRunner.run(SpringJUnit4ClassRunner.java:190)
	at org.junit.runner.JUnitCore.run(JUnitCore.java:137)
	at com.intellij.junit4.JUnit4IdeaTestRunner.startRunnerWithArgs(JUnit4IdeaTestRunner.java:68)
	at com.intellij.rt.execution.junit.IdeaTestRunner$Repeater.startRunnerWithArgs(IdeaTestRunner.java:47)
	at com.intellij.rt.execution.junit.JUnitStarter.prepareStreamsAndStart(JUnitStarter.java:242)
	at com.intellij.rt.execution.junit.JUnitStarter.main(JUnitStarter.java:70)
Caused by: org.springframework.jdbc.CannotGetJdbcConnectionException: Failed to obtain JDBC Connection; nested exception is java.sql.SQLNonTransientConnectionException: Public Key Retrieval is not allowed
	at org.springframework.jdbc.datasource.DataSourceUtils.getConnection(DataSourceUtils.java:81)
	at org.springframework.jdbc.support.JdbcUtils.extractDatabaseMetaData(JdbcUtils.java:319)
	... 85 common frames omitted
Caused by: java.sql.SQLNonTransientConnectionException: Public Key Retrieval is not allowed
	at com.mysql.cj.jdbc.exceptions.SQLError.createSQLException(SQLError.java:110)
	at com.mysql.cj.jdbc.exceptions.SQLError.createSQLException(SQLError.java:97)
	at com.mysql.cj.jdbc.exceptions.SQLExceptionsMapping.translateException(SQLExceptionsMapping.java:122)
	at com.mysql.cj.jdbc.ConnectionImpl.createNewIO(ConnectionImpl.java:835)
	at com.mysql.cj.jdbc.ConnectionImpl.<init>(ConnectionImpl.java:455)
	at com.mysql.cj.jdbc.ConnectionImpl.getInstance(ConnectionImpl.java:240)
	at com.mysql.cj.jdbc.NonRegisteringDriver.connect(NonRegisteringDriver.java:207)
	at com.zaxxer.hikari.util.DriverDataSource.getConnection(DriverDataSource.java:136)
	at com.zaxxer.hikari.pool.PoolBase.newConnection(PoolBase.java:369)
	at com.zaxxer.hikari.pool.PoolBase.newPoolEntry(PoolBase.java:198)
	at com.zaxxer.hikari.pool.HikariPool.createPoolEntry(HikariPool.java:467)
	at com.zaxxer.hikari.pool.HikariPool.checkFailFast(HikariPool.java:541)
	at com.zaxxer.hikari.pool.HikariPool.<init>(HikariPool.java:115)
	at com.zaxxer.hikari.HikariDataSource.getConnection(HikariDataSource.java:112)
	at org.springframework.jdbc.datasource.DataSourceUtils.fetchConnection(DataSourceUtils.java:151)
	at org.springframework.jdbc.datasource.DataSourceUtils.doGetConnection(DataSourceUtils.java:115)
	at org.springframework.jdbc.datasource.DataSourceUtils.getConnection(DataSourceUtils.java:78)
	... 86 common frames omitted
2018-11-26 14:09:41,742 - HikariPool-1 - Starting...
2018-11-26 14:09:41,742 - Registered driver with driverClassName=com.mysql.jdbc.Driver was not found, trying direct instantiation.
2018-11-26 14:09:42,878 - HHH000204: Processing PersistenceUnitInfo [
	name: default
	...]
2018-11-26 14:09:42,942 - HHH000412: Hibernate Core {5.3.7.Final}
2018-11-26 14:09:42,944 - HHH000206: hibernate.properties not found
2018-11-26 14:09:43,093 - HCANN000001: Hibernate Commons Annotations {5.0.4.Final}
2018-11-26 14:09:43,324 - HikariPool-1 - Starting...
2018-11-26 14:09:43,324 - Registered driver with driverClassName=com.mysql.jdbc.Driver was not found, trying direct instantiation.
2018-11-26 14:09:44,357 - HHH000342: Could not obtain connection to query metadata : Public Key Retrieval is not allowed
2018-11-26 14:09:44,359 - Exception encountered during context initialization - cancelling refresh attempt: org.springframework.beans.factory.BeanCreationException: Error creating bean with name 'entityManagerFactory' defined in class path resource [org/springframework/boot/autoconfigure/orm/jpa/HibernateJpaConfiguration.class]: Invocation of init method failed; nested exception is org.hibernate.service.spi.ServiceException: Unable to create requested service [org.hibernate.engine.jdbc.env.spi.JdbcEnvironment]
2018-11-26 14:09:44,367 - 

Error starting ApplicationContext. To display the conditions report re-run your application with 'debug' enabled.
2018-11-26 14:10:26,365 - Starting ProductInfoServiceImplTest on Kim-PC with PID 6160 (started by Administrator in E:\hjz\spring-boot-pay\sell)
2018-11-26 14:10:26,366 - No active profile set, falling back to default profiles: default
2018-11-26 14:10:27,182 - Bootstrapping Spring Data repositories in DEFAULT mode.
2018-11-26 14:10:27,281 - Finished Spring Data repository scanning in 81ms. Found 2 repository interfaces.
2018-11-26 14:10:27,781 - Bean 'org.springframework.transaction.annotation.ProxyTransactionManagementConfiguration' of type [org.springframework.transaction.annotation.ProxyTransactionManagementConfiguration$$EnhancerBySpringCGLIB$$92c7d6c7] is not eligible for getting processed by all BeanPostProcessors (for example: not eligible for auto-proxying)
2018-11-26 14:10:28,036 - HikariPool-1 - Starting...
2018-11-26 14:10:28,039 - Registered driver with driverClassName=com.mysql.jdbc.Driver was not found, trying direct instantiation.
2018-11-26 14:10:29,303 - Unable to determine jdbc url from datasource
org.springframework.jdbc.support.MetaDataAccessException: Could not get Connection for extracting meta-data; nested exception is org.springframework.jdbc.CannotGetJdbcConnectionException: Failed to obtain JDBC Connection; nested exception is java.sql.SQLNonTransientConnectionException: Public Key Retrieval is not allowed
	at org.springframework.jdbc.support.JdbcUtils.extractDatabaseMetaData(JdbcUtils.java:328)
	at org.springframework.jdbc.support.JdbcUtils.extractDatabaseMetaData(JdbcUtils.java:356)
	at org.springframework.boot.autoconfigure.orm.jpa.DatabaseLookup.getDatabase(DatabaseLookup.java:72)
	at org.springframework.boot.autoconfigure.orm.jpa.JpaProperties.determineDatabase(JpaProperties.java:142)
	at org.springframework.boot.autoconfigure.orm.jpa.JpaBaseConfiguration.jpaVendorAdapter(JpaBaseConfiguration.java:112)
	at org.springframework.boot.autoconfigure.orm.jpa.HibernateJpaConfiguration$$EnhancerBySpringCGLIB$$b19e9936.CGLIB$jpaVendorAdapter$5(<generated>)
	at org.springframework.boot.autoconfigure.orm.jpa.HibernateJpaConfiguration$$EnhancerBySpringCGLIB$$b19e9936$$FastClassBySpringCGLIB$$c991e14d.invoke(<generated>)
	at org.springframework.cglib.proxy.MethodProxy.invokeSuper(MethodProxy.java:244)
	at org.springframework.context.annotation.ConfigurationClassEnhancer$BeanMethodInterceptor.intercept(ConfigurationClassEnhancer.java:363)
	at org.springframework.boot.autoconfigure.orm.jpa.HibernateJpaConfiguration$$EnhancerBySpringCGLIB$$b19e9936.jpaVendorAdapter(<generated>)
	at sun.reflect.NativeMethodAccessorImpl.invoke0(Native Method)
	at sun.reflect.NativeMethodAccessorImpl.invoke(NativeMethodAccessorImpl.java:62)
	at sun.reflect.DelegatingMethodAccessorImpl.invoke(DelegatingMethodAccessorImpl.java:43)
	at java.lang.reflect.Method.invoke(Method.java:498)
	at org.springframework.beans.factory.support.SimpleInstantiationStrategy.instantiate(SimpleInstantiationStrategy.java:154)
	at org.springframework.beans.factory.support.ConstructorResolver.instantiate(ConstructorResolver.java:620)
	at org.springframework.beans.factory.support.ConstructorResolver.instantiateUsingFactoryMethod(ConstructorResolver.java:455)
	at org.springframework.beans.factory.support.AbstractAutowireCapableBeanFactory.instantiateUsingFactoryMethod(AbstractAutowireCapableBeanFactory.java:1288)
	at org.springframework.beans.factory.support.AbstractAutowireCapableBeanFactory.createBeanInstance(AbstractAutowireCapableBeanFactory.java:1127)
	at org.springframework.beans.factory.support.AbstractAutowireCapableBeanFactory.doCreateBean(AbstractAutowireCapableBeanFactory.java:538)
	at org.springframework.beans.factory.support.AbstractAutowireCapableBeanFactory.createBean(AbstractAutowireCapableBeanFactory.java:498)
	at org.springframework.beans.factory.support.AbstractBeanFactory.lambda$doGetBean$0(AbstractBeanFactory.java:320)
	at org.springframework.beans.factory.support.DefaultSingletonBeanRegistry.getSingleton(DefaultSingletonBeanRegistry.java:222)
	at org.springframework.beans.factory.support.AbstractBeanFactory.doGetBean(AbstractBeanFactory.java:318)
	at org.springframework.beans.factory.support.AbstractBeanFactory.getBean(AbstractBeanFactory.java:199)
	at org.springframework.beans.factory.config.DependencyDescriptor.resolveCandidate(DependencyDescriptor.java:273)
	at org.springframework.beans.factory.support.DefaultListableBeanFactory.doResolveDependency(DefaultListableBeanFactory.java:1239)
	at org.springframework.beans.factory.support.DefaultListableBeanFactory.resolveDependency(DefaultListableBeanFactory.java:1166)
	at org.springframework.beans.factory.support.ConstructorResolver.resolveAutowiredArgument(ConstructorResolver.java:855)
	at org.springframework.beans.factory.support.ConstructorResolver.createArgumentArray(ConstructorResolver.java:758)
	at org.springframework.beans.factory.support.ConstructorResolver.instantiateUsingFactoryMethod(ConstructorResolver.java:508)
	at org.springframework.beans.factory.support.AbstractAutowireCapableBeanFactory.instantiateUsingFactoryMethod(AbstractAutowireCapableBeanFactory.java:1288)
	at org.springframework.beans.factory.support.AbstractAutowireCapableBeanFactory.createBeanInstance(AbstractAutowireCapableBeanFactory.java:1127)
	at org.springframework.beans.factory.support.AbstractAutowireCapableBeanFactory.doCreateBean(AbstractAutowireCapableBeanFactory.java:538)
	at org.springframework.beans.factory.support.AbstractAutowireCapableBeanFactory.createBean(AbstractAutowireCapableBeanFactory.java:498)
	at org.springframework.beans.factory.support.AbstractBeanFactory.lambda$doGetBean$0(AbstractBeanFactory.java:320)
	at org.springframework.beans.factory.support.DefaultSingletonBeanRegistry.getSingleton(DefaultSingletonBeanRegistry.java:222)
	at org.springframework.beans.factory.support.AbstractBeanFactory.doGetBean(AbstractBeanFactory.java:318)
	at org.springframework.beans.factory.support.AbstractBeanFactory.getBean(AbstractBeanFactory.java:199)
	at org.springframework.beans.factory.config.DependencyDescriptor.resolveCandidate(DependencyDescriptor.java:273)
	at org.springframework.beans.factory.support.DefaultListableBeanFactory.doResolveDependency(DefaultListableBeanFactory.java:1239)
	at org.springframework.beans.factory.support.DefaultListableBeanFactory.resolveDependency(DefaultListableBeanFactory.java:1166)
	at org.springframework.beans.factory.support.ConstructorResolver.resolveAutowiredArgument(ConstructorResolver.java:855)
	at org.springframework.beans.factory.support.ConstructorResolver.createArgumentArray(ConstructorResolver.java:758)
	at org.springframework.beans.factory.support.ConstructorResolver.instantiateUsingFactoryMethod(ConstructorResolver.java:508)
	at org.springframework.beans.factory.support.AbstractAutowireCapableBeanFactory.instantiateUsingFactoryMethod(AbstractAutowireCapableBeanFactory.java:1288)
	at org.springframework.beans.factory.support.AbstractAutowireCapableBeanFactory.createBeanInstance(AbstractAutowireCapableBeanFactory.java:1127)
	at org.springframework.beans.factory.support.AbstractAutowireCapableBeanFactory.doCreateBean(AbstractAutowireCapableBeanFactory.java:538)
	at org.springframework.beans.factory.support.AbstractAutowireCapableBeanFactory.createBean(AbstractAutowireCapableBeanFactory.java:498)
	at org.springframework.beans.factory.support.AbstractBeanFactory.lambda$doGetBean$0(AbstractBeanFactory.java:320)
	at org.springframework.beans.factory.support.DefaultSingletonBeanRegistry.getSingleton(DefaultSingletonBeanRegistry.java:222)
	at org.springframework.beans.factory.support.AbstractBeanFactory.doGetBean(AbstractBeanFactory.java:318)
	at org.springframework.beans.factory.support.AbstractBeanFactory.getBean(AbstractBeanFactory.java:199)
	at org.springframework.context.support.AbstractApplicationContext.getBean(AbstractApplicationContext.java:1083)
	at org.springframework.context.support.AbstractApplicationContext.finishBeanFactoryInitialization(AbstractApplicationContext.java:853)
	at org.springframework.context.support.AbstractApplicationContext.refresh(AbstractApplicationContext.java:546)
	at org.springframework.boot.SpringApplication.refresh(SpringApplication.java:775)
	at org.springframework.boot.SpringApplication.refreshContext(SpringApplication.java:397)
	at org.springframework.boot.SpringApplication.run(SpringApplication.java:316)
	at org.springframework.boot.test.context.SpringBootContextLoader.loadContext(SpringBootContextLoader.java:127)
	at org.springframework.test.context.cache.DefaultCacheAwareContextLoaderDelegate.loadContextInternal(DefaultCacheAwareContextLoaderDelegate.java:99)
	at org.springframework.test.context.cache.DefaultCacheAwareContextLoaderDelegate.loadContext(DefaultCacheAwareContextLoaderDelegate.java:117)
	at org.springframework.test.context.support.DefaultTestContext.getApplicationContext(DefaultTestContext.java:108)
	at org.springframework.test.context.web.ServletTestExecutionListener.setUpRequestContextIfNecessary(ServletTestExecutionListener.java:190)
	at org.springframework.test.context.web.ServletTestExecutionListener.prepareTestInstance(ServletTestExecutionListener.java:132)
	at org.springframework.test.context.TestContextManager.prepareTestInstance(TestContextManager.java:246)
	at org.springframework.test.context.junit4.SpringJUnit4ClassRunner.createTest(SpringJUnit4ClassRunner.java:227)
	at org.springframework.test.context.junit4.SpringJUnit4ClassRunner$1.runReflectiveCall(SpringJUnit4ClassRunner.java:289)
	at org.junit.internal.runners.model.ReflectiveCallable.run(ReflectiveCallable.java:12)
	at org.springframework.test.context.junit4.SpringJUnit4ClassRunner.methodBlock(SpringJUnit4ClassRunner.java:291)
	at org.springframework.test.context.junit4.SpringJUnit4ClassRunner.runChild(SpringJUnit4ClassRunner.java:246)
	at org.springframework.test.context.junit4.SpringJUnit4ClassRunner.runChild(SpringJUnit4ClassRunner.java:97)
	at org.junit.runners.ParentRunner$3.run(ParentRunner.java:290)
	at org.junit.runners.ParentRunner$1.schedule(ParentRunner.java:71)
	at org.junit.runners.ParentRunner.runChildren(ParentRunner.java:288)
	at org.junit.runners.ParentRunner.access$000(ParentRunner.java:58)
	at org.junit.runners.ParentRunner$2.evaluate(ParentRunner.java:268)
	at org.springframework.test.context.junit4.statements.RunBeforeTestClassCallbacks.evaluate(RunBeforeTestClassCallbacks.java:61)
	at org.springframework.test.context.junit4.statements.RunAfterTestClassCallbacks.evaluate(RunAfterTestClassCallbacks.java:70)
	at org.junit.runners.ParentRunner.run(ParentRunner.java:363)
	at org.springframework.test.context.junit4.SpringJUnit4ClassRunner.run(SpringJUnit4ClassRunner.java:190)
	at org.junit.runner.JUnitCore.run(JUnitCore.java:137)
	at com.intellij.junit4.JUnit4IdeaTestRunner.startRunnerWithArgs(JUnit4IdeaTestRunner.java:68)
	at com.intellij.rt.execution.junit.IdeaTestRunner$Repeater.startRunnerWithArgs(IdeaTestRunner.java:47)
	at com.intellij.rt.execution.junit.JUnitStarter.prepareStreamsAndStart(JUnitStarter.java:242)
	at com.intellij.rt.execution.junit.JUnitStarter.main(JUnitStarter.java:70)
Caused by: org.springframework.jdbc.CannotGetJdbcConnectionException: Failed to obtain JDBC Connection; nested exception is java.sql.SQLNonTransientConnectionException: Public Key Retrieval is not allowed
	at org.springframework.jdbc.datasource.DataSourceUtils.getConnection(DataSourceUtils.java:81)
	at org.springframework.jdbc.support.JdbcUtils.extractDatabaseMetaData(JdbcUtils.java:319)
	... 85 common frames omitted
Caused by: java.sql.SQLNonTransientConnectionException: Public Key Retrieval is not allowed
	at com.mysql.cj.jdbc.exceptions.SQLError.createSQLException(SQLError.java:110)
	at com.mysql.cj.jdbc.exceptions.SQLError.createSQLException(SQLError.java:97)
	at com.mysql.cj.jdbc.exceptions.SQLExceptionsMapping.translateException(SQLExceptionsMapping.java:122)
	at com.mysql.cj.jdbc.ConnectionImpl.createNewIO(ConnectionImpl.java:835)
	at com.mysql.cj.jdbc.ConnectionImpl.<init>(ConnectionImpl.java:455)
	at com.mysql.cj.jdbc.ConnectionImpl.getInstance(ConnectionImpl.java:240)
	at com.mysql.cj.jdbc.NonRegisteringDriver.connect(NonRegisteringDriver.java:207)
	at com.zaxxer.hikari.util.DriverDataSource.getConnection(DriverDataSource.java:136)
	at com.zaxxer.hikari.pool.PoolBase.newConnection(PoolBase.java:369)
	at com.zaxxer.hikari.pool.PoolBase.newPoolEntry(PoolBase.java:198)
	at com.zaxxer.hikari.pool.HikariPool.createPoolEntry(HikariPool.java:467)
	at com.zaxxer.hikari.pool.HikariPool.checkFailFast(HikariPool.java:541)
	at com.zaxxer.hikari.pool.HikariPool.<init>(HikariPool.java:115)
	at com.zaxxer.hikari.HikariDataSource.getConnection(HikariDataSource.java:112)
	at org.springframework.jdbc.datasource.DataSourceUtils.fetchConnection(DataSourceUtils.java:151)
	at org.springframework.jdbc.datasource.DataSourceUtils.doGetConnection(DataSourceUtils.java:115)
	at org.springframework.jdbc.datasource.DataSourceUtils.getConnection(DataSourceUtils.java:78)
	... 86 common frames omitted
2018-11-26 14:10:29,326 - HikariPool-1 - Starting...
2018-11-26 14:10:29,326 - Registered driver with driverClassName=com.mysql.jdbc.Driver was not found, trying direct instantiation.
2018-11-26 14:10:30,410 - HHH000204: Processing PersistenceUnitInfo [
	name: default
	...]
2018-11-26 14:10:30,505 - HHH000412: Hibernate Core {5.3.7.Final}
2018-11-26 14:10:30,507 - HHH000206: hibernate.properties not found
2018-11-26 14:10:30,715 - HCANN000001: Hibernate Commons Annotations {5.0.4.Final}
2018-11-26 14:10:31,002 - HikariPool-1 - Starting...
2018-11-26 14:10:31,002 - Registered driver with driverClassName=com.mysql.jdbc.Driver was not found, trying direct instantiation.
2018-11-26 14:10:32,030 - HHH000342: Could not obtain connection to query metadata : Public Key Retrieval is not allowed
2018-11-26 14:10:32,033 - Exception encountered during context initialization - cancelling refresh attempt: org.springframework.beans.factory.BeanCreationException: Error creating bean with name 'entityManagerFactory' defined in class path resource [org/springframework/boot/autoconfigure/orm/jpa/HibernateJpaConfiguration.class]: Invocation of init method failed; nested exception is org.hibernate.service.spi.ServiceException: Unable to create requested service [org.hibernate.engine.jdbc.env.spi.JdbcEnvironment]
2018-11-26 14:10:32,040 - 

Error starting ApplicationContext. To display the conditions report re-run your application with 'debug' enabled.
2018-11-26 14:12:50,147 - Starting ProductInfoServiceImplTest on Kim-PC with PID 10868 (started by Administrator in E:\hjz\spring-boot-pay\sell)
2018-11-26 14:12:50,162 - No active profile set, falling back to default profiles: default
2018-11-26 14:12:50,923 - Bootstrapping Spring Data repositories in DEFAULT mode.
2018-11-26 14:12:51,004 - Finished Spring Data repository scanning in 68ms. Found 2 repository interfaces.
2018-11-26 14:12:51,462 - Bean 'org.springframework.transaction.annotation.ProxyTransactionManagementConfiguration' of type [org.springframework.transaction.annotation.ProxyTransactionManagementConfiguration$$EnhancerBySpringCGLIB$$a698da87] is not eligible for getting processed by all BeanPostProcessors (for example: not eligible for auto-proxying)
2018-11-26 14:12:51,749 - HikariPool-1 - Starting...
2018-11-26 14:12:51,753 - Registered driver with driverClassName=com.mysql.jdbc.Driver was not found, trying direct instantiation.
2018-11-26 14:12:53,032 - Unable to determine jdbc url from datasource
org.springframework.jdbc.support.MetaDataAccessException: Could not get Connection for extracting meta-data; nested exception is org.springframework.jdbc.CannotGetJdbcConnectionException: Failed to obtain JDBC Connection; nested exception is java.sql.SQLNonTransientConnectionException: Public Key Retrieval is not allowed
	at org.springframework.jdbc.support.JdbcUtils.extractDatabaseMetaData(JdbcUtils.java:328)
	at org.springframework.jdbc.support.JdbcUtils.extractDatabaseMetaData(JdbcUtils.java:356)
	at org.springframework.boot.autoconfigure.orm.jpa.DatabaseLookup.getDatabase(DatabaseLookup.java:72)
	at org.springframework.boot.autoconfigure.orm.jpa.JpaProperties.determineDatabase(JpaProperties.java:142)
	at org.springframework.boot.autoconfigure.orm.jpa.JpaBaseConfiguration.jpaVendorAdapter(JpaBaseConfiguration.java:112)
	at org.springframework.boot.autoconfigure.orm.jpa.HibernateJpaConfiguration$$EnhancerBySpringCGLIB$$c56f9cf6.CGLIB$jpaVendorAdapter$5(<generated>)
	at org.springframework.boot.autoconfigure.orm.jpa.HibernateJpaConfiguration$$EnhancerBySpringCGLIB$$c56f9cf6$$FastClassBySpringCGLIB$$fffc2cab.invoke(<generated>)
	at org.springframework.cglib.proxy.MethodProxy.invokeSuper(MethodProxy.java:244)
	at org.springframework.context.annotation.ConfigurationClassEnhancer$BeanMethodInterceptor.intercept(ConfigurationClassEnhancer.java:363)
	at org.springframework.boot.autoconfigure.orm.jpa.HibernateJpaConfiguration$$EnhancerBySpringCGLIB$$c56f9cf6.jpaVendorAdapter(<generated>)
	at sun.reflect.NativeMethodAccessorImpl.invoke0(Native Method)
	at sun.reflect.NativeMethodAccessorImpl.invoke(NativeMethodAccessorImpl.java:62)
	at sun.reflect.DelegatingMethodAccessorImpl.invoke(DelegatingMethodAccessorImpl.java:43)
	at java.lang.reflect.Method.invoke(Method.java:498)
	at org.springframework.beans.factory.support.SimpleInstantiationStrategy.instantiate(SimpleInstantiationStrategy.java:154)
	at org.springframework.beans.factory.support.ConstructorResolver.instantiate(ConstructorResolver.java:620)
	at org.springframework.beans.factory.support.ConstructorResolver.instantiateUsingFactoryMethod(ConstructorResolver.java:455)
	at org.springframework.beans.factory.support.AbstractAutowireCapableBeanFactory.instantiateUsingFactoryMethod(AbstractAutowireCapableBeanFactory.java:1288)
	at org.springframework.beans.factory.support.AbstractAutowireCapableBeanFactory.createBeanInstance(AbstractAutowireCapableBeanFactory.java:1127)
	at org.springframework.beans.factory.support.AbstractAutowireCapableBeanFactory.doCreateBean(AbstractAutowireCapableBeanFactory.java:538)
	at org.springframework.beans.factory.support.AbstractAutowireCapableBeanFactory.createBean(AbstractAutowireCapableBeanFactory.java:498)
	at org.springframework.beans.factory.support.AbstractBeanFactory.lambda$doGetBean$0(AbstractBeanFactory.java:320)
	at org.springframework.beans.factory.support.DefaultSingletonBeanRegistry.getSingleton(DefaultSingletonBeanRegistry.java:222)
	at org.springframework.beans.factory.support.AbstractBeanFactory.doGetBean(AbstractBeanFactory.java:318)
	at org.springframework.beans.factory.support.AbstractBeanFactory.getBean(AbstractBeanFactory.java:199)
	at org.springframework.beans.factory.config.DependencyDescriptor.resolveCandidate(DependencyDescriptor.java:273)
	at org.springframework.beans.factory.support.DefaultListableBeanFactory.doResolveDependency(DefaultListableBeanFactory.java:1239)
	at org.springframework.beans.factory.support.DefaultListableBeanFactory.resolveDependency(DefaultListableBeanFactory.java:1166)
	at org.springframework.beans.factory.support.ConstructorResolver.resolveAutowiredArgument(ConstructorResolver.java:855)
	at org.springframework.beans.factory.support.ConstructorResolver.createArgumentArray(ConstructorResolver.java:758)
	at org.springframework.beans.factory.support.ConstructorResolver.instantiateUsingFactoryMethod(ConstructorResolver.java:508)
	at org.springframework.beans.factory.support.AbstractAutowireCapableBeanFactory.instantiateUsingFactoryMethod(AbstractAutowireCapableBeanFactory.java:1288)
	at org.springframework.beans.factory.support.AbstractAutowireCapableBeanFactory.createBeanInstance(AbstractAutowireCapableBeanFactory.java:1127)
	at org.springframework.beans.factory.support.AbstractAutowireCapableBeanFactory.doCreateBean(AbstractAutowireCapableBeanFactory.java:538)
	at org.springframework.beans.factory.support.AbstractAutowireCapableBeanFactory.createBean(AbstractAutowireCapableBeanFactory.java:498)
	at org.springframework.beans.factory.support.AbstractBeanFactory.lambda$doGetBean$0(AbstractBeanFactory.java:320)
	at org.springframework.beans.factory.support.DefaultSingletonBeanRegistry.getSingleton(DefaultSingletonBeanRegistry.java:222)
	at org.springframework.beans.factory.support.AbstractBeanFactory.doGetBean(AbstractBeanFactory.java:318)
	at org.springframework.beans.factory.support.AbstractBeanFactory.getBean(AbstractBeanFactory.java:199)
	at org.springframework.beans.factory.config.DependencyDescriptor.resolveCandidate(DependencyDescriptor.java:273)
	at org.springframework.beans.factory.support.DefaultListableBeanFactory.doResolveDependency(DefaultListableBeanFactory.java:1239)
	at org.springframework.beans.factory.support.DefaultListableBeanFactory.resolveDependency(DefaultListableBeanFactory.java:1166)
	at org.springframework.beans.factory.support.ConstructorResolver.resolveAutowiredArgument(ConstructorResolver.java:855)
	at org.springframework.beans.factory.support.ConstructorResolver.createArgumentArray(ConstructorResolver.java:758)
	at org.springframework.beans.factory.support.ConstructorResolver.instantiateUsingFactoryMethod(ConstructorResolver.java:508)
	at org.springframework.beans.factory.support.AbstractAutowireCapableBeanFactory.instantiateUsingFactoryMethod(AbstractAutowireCapableBeanFactory.java:1288)
	at org.springframework.beans.factory.support.AbstractAutowireCapableBeanFactory.createBeanInstance(AbstractAutowireCapableBeanFactory.java:1127)
	at org.springframework.beans.factory.support.AbstractAutowireCapableBeanFactory.doCreateBean(AbstractAutowireCapableBeanFactory.java:538)
	at org.springframework.beans.factory.support.AbstractAutowireCapableBeanFactory.createBean(AbstractAutowireCapableBeanFactory.java:498)
	at org.springframework.beans.factory.support.AbstractBeanFactory.lambda$doGetBean$0(AbstractBeanFactory.java:320)
	at org.springframework.beans.factory.support.DefaultSingletonBeanRegistry.getSingleton(DefaultSingletonBeanRegistry.java:222)
	at org.springframework.beans.factory.support.AbstractBeanFactory.doGetBean(AbstractBeanFactory.java:318)
	at org.springframework.beans.factory.support.AbstractBeanFactory.getBean(AbstractBeanFactory.java:199)
	at org.springframework.context.support.AbstractApplicationContext.getBean(AbstractApplicationContext.java:1083)
	at org.springframework.context.support.AbstractApplicationContext.finishBeanFactoryInitialization(AbstractApplicationContext.java:853)
	at org.springframework.context.support.AbstractApplicationContext.refresh(AbstractApplicationContext.java:546)
	at org.springframework.boot.SpringApplication.refresh(SpringApplication.java:775)
	at org.springframework.boot.SpringApplication.refreshContext(SpringApplication.java:397)
	at org.springframework.boot.SpringApplication.run(SpringApplication.java:316)
	at org.springframework.boot.test.context.SpringBootContextLoader.loadContext(SpringBootContextLoader.java:127)
	at org.springframework.test.context.cache.DefaultCacheAwareContextLoaderDelegate.loadContextInternal(DefaultCacheAwareContextLoaderDelegate.java:99)
	at org.springframework.test.context.cache.DefaultCacheAwareContextLoaderDelegate.loadContext(DefaultCacheAwareContextLoaderDelegate.java:117)
	at org.springframework.test.context.support.DefaultTestContext.getApplicationContext(DefaultTestContext.java:108)
	at org.springframework.test.context.web.ServletTestExecutionListener.setUpRequestContextIfNecessary(ServletTestExecutionListener.java:190)
	at org.springframework.test.context.web.ServletTestExecutionListener.prepareTestInstance(ServletTestExecutionListener.java:132)
	at org.springframework.test.context.TestContextManager.prepareTestInstance(TestContextManager.java:246)
	at org.springframework.test.context.junit4.SpringJUnit4ClassRunner.createTest(SpringJUnit4ClassRunner.java:227)
	at org.springframework.test.context.junit4.SpringJUnit4ClassRunner$1.runReflectiveCall(SpringJUnit4ClassRunner.java:289)
	at org.junit.internal.runners.model.ReflectiveCallable.run(ReflectiveCallable.java:12)
	at org.springframework.test.context.junit4.SpringJUnit4ClassRunner.methodBlock(SpringJUnit4ClassRunner.java:291)
	at org.springframework.test.context.junit4.SpringJUnit4ClassRunner.runChild(SpringJUnit4ClassRunner.java:246)
	at org.springframework.test.context.junit4.SpringJUnit4ClassRunner.runChild(SpringJUnit4ClassRunner.java:97)
	at org.junit.runners.ParentRunner$3.run(ParentRunner.java:290)
	at org.junit.runners.ParentRunner$1.schedule(ParentRunner.java:71)
	at org.junit.runners.ParentRunner.runChildren(ParentRunner.java:288)
	at org.junit.runners.ParentRunner.access$000(ParentRunner.java:58)
	at org.junit.runners.ParentRunner$2.evaluate(ParentRunner.java:268)
	at org.springframework.test.context.junit4.statements.RunBeforeTestClassCallbacks.evaluate(RunBeforeTestClassCallbacks.java:61)
	at org.springframework.test.context.junit4.statements.RunAfterTestClassCallbacks.evaluate(RunAfterTestClassCallbacks.java:70)
	at org.junit.runners.ParentRunner.run(ParentRunner.java:363)
	at org.springframework.test.context.junit4.SpringJUnit4ClassRunner.run(SpringJUnit4ClassRunner.java:190)
	at org.junit.runner.JUnitCore.run(JUnitCore.java:137)
	at com.intellij.junit4.JUnit4IdeaTestRunner.startRunnerWithArgs(JUnit4IdeaTestRunner.java:68)
	at com.intellij.rt.execution.junit.IdeaTestRunner$Repeater.startRunnerWithArgs(IdeaTestRunner.java:47)
	at com.intellij.rt.execution.junit.JUnitStarter.prepareStreamsAndStart(JUnitStarter.java:242)
	at com.intellij.rt.execution.junit.JUnitStarter.main(JUnitStarter.java:70)
Caused by: org.springframework.jdbc.CannotGetJdbcConnectionException: Failed to obtain JDBC Connection; nested exception is java.sql.SQLNonTransientConnectionException: Public Key Retrieval is not allowed
	at org.springframework.jdbc.datasource.DataSourceUtils.getConnection(DataSourceUtils.java:81)
	at org.springframework.jdbc.support.JdbcUtils.extractDatabaseMetaData(JdbcUtils.java:319)
	... 85 common frames omitted
Caused by: java.sql.SQLNonTransientConnectionException: Public Key Retrieval is not allowed
	at com.mysql.cj.jdbc.exceptions.SQLError.createSQLException(SQLError.java:110)
	at com.mysql.cj.jdbc.exceptions.SQLError.createSQLException(SQLError.java:97)
	at com.mysql.cj.jdbc.exceptions.SQLExceptionsMapping.translateException(SQLExceptionsMapping.java:122)
	at com.mysql.cj.jdbc.ConnectionImpl.createNewIO(ConnectionImpl.java:835)
	at com.mysql.cj.jdbc.ConnectionImpl.<init>(ConnectionImpl.java:455)
	at com.mysql.cj.jdbc.ConnectionImpl.getInstance(ConnectionImpl.java:240)
	at com.mysql.cj.jdbc.NonRegisteringDriver.connect(NonRegisteringDriver.java:207)
	at com.zaxxer.hikari.util.DriverDataSource.getConnection(DriverDataSource.java:136)
	at com.zaxxer.hikari.pool.PoolBase.newConnection(PoolBase.java:369)
	at com.zaxxer.hikari.pool.PoolBase.newPoolEntry(PoolBase.java:198)
	at com.zaxxer.hikari.pool.HikariPool.createPoolEntry(HikariPool.java:467)
	at com.zaxxer.hikari.pool.HikariPool.checkFailFast(HikariPool.java:541)
	at com.zaxxer.hikari.pool.HikariPool.<init>(HikariPool.java:115)
	at com.zaxxer.hikari.HikariDataSource.getConnection(HikariDataSource.java:112)
	at org.springframework.jdbc.datasource.DataSourceUtils.fetchConnection(DataSourceUtils.java:151)
	at org.springframework.jdbc.datasource.DataSourceUtils.doGetConnection(DataSourceUtils.java:115)
	at org.springframework.jdbc.datasource.DataSourceUtils.getConnection(DataSourceUtils.java:78)
	... 86 common frames omitted
2018-11-26 14:12:53,047 - HikariPool-1 - Starting...
2018-11-26 14:12:53,048 - Registered driver with driverClassName=com.mysql.jdbc.Driver was not found, trying direct instantiation.
2018-11-26 14:12:54,114 - HHH000204: Processing PersistenceUnitInfo [
	name: default
	...]
2018-11-26 14:12:54,179 - HHH000412: Hibernate Core {5.3.7.Final}
2018-11-26 14:12:54,180 - HHH000206: hibernate.properties not found
2018-11-26 14:12:54,324 - HCANN000001: Hibernate Commons Annotations {5.0.4.Final}
2018-11-26 14:12:54,568 - HikariPool-1 - Starting...
2018-11-26 14:12:54,568 - Registered driver with driverClassName=com.mysql.jdbc.Driver was not found, trying direct instantiation.
2018-11-26 14:12:55,597 - HHH000342: Could not obtain connection to query metadata : Public Key Retrieval is not allowed
2018-11-26 14:12:55,599 - Exception encountered during context initialization - cancelling refresh attempt: org.springframework.beans.factory.BeanCreationException: Error creating bean with name 'entityManagerFactory' defined in class path resource [org/springframework/boot/autoconfigure/orm/jpa/HibernateJpaConfiguration.class]: Invocation of init method failed; nested exception is org.hibernate.service.spi.ServiceException: Unable to create requested service [org.hibernate.engine.jdbc.env.spi.JdbcEnvironment]
2018-11-26 14:12:55,606 - 

Error starting ApplicationContext. To display the conditions report re-run your application with 'debug' enabled.
2018-11-26 14:25:49,790 - Starting ProductInfoRepositoryTest on Kim-PC with PID 12832 (started by Administrator in E:\hjz\spring-boot-pay\sell)
2018-11-26 14:25:49,790 - No active profile set, falling back to default profiles: default
2018-11-26 14:25:50,760 - Bootstrapping Spring Data repositories in DEFAULT mode.
2018-11-26 14:25:51,062 - Finished Spring Data repository scanning in 292ms. Found 2 repository interfaces.
2018-11-26 14:25:51,473 - Bean 'org.springframework.transaction.annotation.ProxyTransactionManagementConfiguration' of type [org.springframework.transaction.annotation.ProxyTransactionManagementConfiguration$$EnhancerBySpringCGLIB$$9233c2e1] is not eligible for getting processed by all BeanPostProcessors (for example: not eligible for auto-proxying)
2018-11-26 14:25:51,820 - HikariPool-1 - Starting...
2018-11-26 14:25:51,823 - Registered driver with driverClassName=com.mysql.jdbc.Driver was not found, trying direct instantiation.
2018-11-26 14:25:52,210 - HikariPool-1 - Start completed.
2018-11-26 14:25:52,323 - HHH000204: Processing PersistenceUnitInfo [
	name: default
	...]
2018-11-26 14:25:52,413 - HHH000412: Hibernate Core {5.3.7.Final}
2018-11-26 14:25:52,426 - HHH000206: hibernate.properties not found
2018-11-26 14:25:52,626 - HCANN000001: Hibernate Commons Annotations {5.0.4.Final}
2018-11-26 14:25:53,362 - HHH000400: Using dialect: org.hibernate.dialect.MySQL5Dialect
2018-11-26 14:25:54,863 - Initialized JPA EntityManagerFactory for persistence unit 'default'
2018-11-26 14:25:56,586 - Initializing ExecutorService 'applicationTaskExecutor'
2018-11-26 14:25:56,674 - spring.jpa.open-in-view is enabled by default. Therefore, database queries may be performed during view rendering. Explicitly configure spring.jpa.open-in-view to disable this warning
2018-11-26 14:25:57,063 - Started ProductInfoRepositoryTest in 7.94 seconds (JVM running for 8.849)
2018-11-26 14:25:57,506 - Shutting down ExecutorService 'applicationTaskExecutor'
2018-11-26 14:25:57,508 - Closing JPA EntityManagerFactory for persistence unit 'default'
2018-11-26 14:25:57,510 - HikariPool-1 - Shutdown initiated...
2018-11-26 14:25:57,516 - HikariPool-1 - Shutdown completed.
2018-11-26 14:29:18,161 - Starting ProductInfoServiceImplTest on Kim-PC with PID 11048 (started by Administrator in E:\hjz\spring-boot-pay\sell)
2018-11-26 14:29:18,161 - No active profile set, falling back to default profiles: default
2018-11-26 14:29:18,916 - Bootstrapping Spring Data repositories in DEFAULT mode.
2018-11-26 14:29:19,059 - Finished Spring Data repository scanning in 133ms. Found 2 repository interfaces.
2018-11-26 14:29:19,565 - Bean 'org.springframework.transaction.annotation.ProxyTransactionManagementConfiguration' of type [org.springframework.transaction.annotation.ProxyTransactionManagementConfiguration$$EnhancerBySpringCGLIB$$15003363] is not eligible for getting processed by all BeanPostProcessors (for example: not eligible for auto-proxying)
2018-11-26 14:29:19,845 - HikariPool-1 - Starting...
2018-11-26 14:29:19,849 - Registered driver with driverClassName=com.mysql.jdbc.Driver was not found, trying direct instantiation.
2018-11-26 14:29:20,166 - HikariPool-1 - Start completed.
2018-11-26 14:29:20,262 - HHH000204: Processing PersistenceUnitInfo [
	name: default
	...]
2018-11-26 14:29:20,364 - HHH000412: Hibernate Core {5.3.7.Final}
2018-11-26 14:29:20,366 - HHH000206: hibernate.properties not found
2018-11-26 14:29:20,614 - HCANN000001: Hibernate Commons Annotations {5.0.4.Final}
2018-11-26 14:29:21,204 - HHH000400: Using dialect: org.hibernate.dialect.MySQL5Dialect
2018-11-26 14:29:22,228 - Initialized JPA EntityManagerFactory for persistence unit 'default'
2018-11-26 14:29:23,599 - Initializing ExecutorService 'applicationTaskExecutor'
2018-11-26 14:29:23,678 - spring.jpa.open-in-view is enabled by default. Therefore, database queries may be performed during view rendering. Explicitly configure spring.jpa.open-in-view to disable this warning
2018-11-26 14:29:24,144 - Started ProductInfoServiceImplTest in 6.442 seconds (JVM running for 9.499)
2018-11-26 14:29:53,740 - Shutting down ExecutorService 'applicationTaskExecutor'
2018-11-26 14:29:53,743 - Closing JPA EntityManagerFactory for persistence unit 'default'
2018-11-26 14:29:53,747 - HikariPool-1 - Shutdown initiated...
2018-11-26 14:29:53,751 - HikariPool-1 - Shutdown completed.
2018-11-26 14:30:04,149 - Starting ProductInfoServiceImplTest on Kim-PC with PID 14016 (started by Administrator in E:\hjz\spring-boot-pay\sell)
2018-11-26 14:30:04,150 - No active profile set, falling back to default profiles: default
2018-11-26 14:30:05,071 - Bootstrapping Spring Data repositories in DEFAULT mode.
2018-11-26 14:30:05,152 - Finished Spring Data repository scanning in 72ms. Found 2 repository interfaces.
2018-11-26 14:30:05,710 - Bean 'org.springframework.transaction.annotation.ProxyTransactionManagementConfiguration' of type [org.springframework.transaction.annotation.ProxyTransactionManagementConfiguration$$EnhancerBySpringCGLIB$$65b65fbd] is not eligible for getting processed by all BeanPostProcessors (for example: not eligible for auto-proxying)
2018-11-26 14:30:05,982 - HikariPool-1 - Starting...
2018-11-26 14:30:05,985 - Registered driver with driverClassName=com.mysql.jdbc.Driver was not found, trying direct instantiation.
2018-11-26 14:30:06,399 - HikariPool-1 - Start completed.
2018-11-26 14:30:06,483 - HHH000204: Processing PersistenceUnitInfo [
	name: default
	...]
2018-11-26 14:30:06,599 - HHH000412: Hibernate Core {5.3.7.Final}
2018-11-26 14:30:06,601 - HHH000206: hibernate.properties not found
2018-11-26 14:30:06,787 - HCANN000001: Hibernate Commons Annotations {5.0.4.Final}
2018-11-26 14:30:07,297 - HHH000400: Using dialect: org.hibernate.dialect.MySQL5Dialect
2018-11-26 14:30:08,067 - Initialized JPA EntityManagerFactory for persistence unit 'default'
2018-11-26 14:30:09,010 - Initializing ExecutorService 'applicationTaskExecutor'
2018-11-26 14:30:09,064 - spring.jpa.open-in-view is enabled by default. Therefore, database queries may be performed during view rendering. Explicitly configure spring.jpa.open-in-view to disable this warning
2018-11-26 14:30:09,369 - Started ProductInfoServiceImplTest in 5.806 seconds (JVM running for 6.638)
2018-11-26 14:30:09,563 - Shutting down ExecutorService 'applicationTaskExecutor'
2018-11-26 14:30:09,565 - Closing JPA EntityManagerFactory for persistence unit 'default'
2018-11-26 14:30:09,567 - HikariPool-1 - Shutdown initiated...
2018-11-26 14:30:09,571 - HikariPool-1 - Shutdown completed.
2018-11-26 14:31:44,188 - Starting ProductInfoServiceImplTest on Kim-PC with PID 9272 (started by Administrator in E:\hjz\spring-boot-pay\sell)
2018-11-26 14:31:44,191 - No active profile set, falling back to default profiles: default
2018-11-26 14:31:45,222 - Bootstrapping Spring Data repositories in DEFAULT mode.
2018-11-26 14:31:45,320 - Finished Spring Data repository scanning in 83ms. Found 2 repository interfaces.
2018-11-26 14:31:45,809 - Bean 'org.springframework.transaction.annotation.ProxyTransactionManagementConfiguration' of type [org.springframework.transaction.annotation.ProxyTransactionManagementConfiguration$$EnhancerBySpringCGLIB$$3f35298e] is not eligible for getting processed by all BeanPostProcessors (for example: not eligible for auto-proxying)
2018-11-26 14:31:46,183 - HikariPool-1 - Starting...
2018-11-26 14:31:46,204 - Registered driver with driverClassName=com.mysql.jdbc.Driver was not found, trying direct instantiation.
2018-11-26 14:31:46,617 - HikariPool-1 - Start completed.
2018-11-26 14:31:46,694 - HHH000204: Processing PersistenceUnitInfo [
	name: default
	...]
2018-11-26 14:31:46,780 - HHH000412: Hibernate Core {5.3.7.Final}
2018-11-26 14:31:46,782 - HHH000206: hibernate.properties not found
2018-11-26 14:31:47,009 - HCANN000001: Hibernate Commons Annotations {5.0.4.Final}
2018-11-26 14:31:47,496 - HHH000400: Using dialect: org.hibernate.dialect.MySQL5Dialect
2018-11-26 14:31:48,226 - Initialized JPA EntityManagerFactory for persistence unit 'default'
2018-11-26 14:31:49,178 - Initializing ExecutorService 'applicationTaskExecutor'
2018-11-26 14:31:49,237 - spring.jpa.open-in-view is enabled by default. Therefore, database queries may be performed during view rendering. Explicitly configure spring.jpa.open-in-view to disable this warning
2018-11-26 14:31:49,560 - Started ProductInfoServiceImplTest in 6.229 seconds (JVM running for 7.062)
2018-11-26 14:31:49,688 - HHH000397: Using ASTQueryTranslatorFactory
2018-11-26 14:31:50,159 - Shutting down ExecutorService 'applicationTaskExecutor'
2018-11-26 14:31:50,161 - Closing JPA EntityManagerFactory for persistence unit 'default'
2018-11-26 14:31:50,164 - HikariPool-1 - Shutdown initiated...
2018-11-26 14:31:50,171 - HikariPool-1 - Shutdown completed.
2018-11-26 14:34:03,536 - Starting ProductInfoServiceImplTest on Kim-PC with PID 14300 (started by Administrator in E:\hjz\spring-boot-pay\sell)
2018-11-26 14:34:03,536 - No active profile set, falling back to default profiles: default
2018-11-26 14:34:04,798 - Bootstrapping Spring Data repositories in DEFAULT mode.
2018-11-26 14:34:04,902 - Finished Spring Data repository scanning in 90ms. Found 2 repository interfaces.
2018-11-26 14:34:05,436 - Bean 'org.springframework.transaction.annotation.ProxyTransactionManagementConfiguration' of type [org.springframework.transaction.annotation.ProxyTransactionManagementConfiguration$$EnhancerBySpringCGLIB$$ec5d5046] is not eligible for getting processed by all BeanPostProcessors (for example: not eligible for auto-proxying)
2018-11-26 14:34:05,745 - HikariPool-1 - Starting...
2018-11-26 14:34:05,748 - Registered driver with driverClassName=com.mysql.jdbc.Driver was not found, trying direct instantiation.
2018-11-26 14:34:06,119 - HikariPool-1 - Start completed.
2018-11-26 14:34:06,212 - HHH000204: Processing PersistenceUnitInfo [
	name: default
	...]
2018-11-26 14:34:06,312 - HHH000412: Hibernate Core {5.3.7.Final}
2018-11-26 14:34:06,314 - HHH000206: hibernate.properties not found
2018-11-26 14:34:06,575 - HCANN000001: Hibernate Commons Annotations {5.0.4.Final}
2018-11-26 14:34:07,063 - HHH000400: Using dialect: org.hibernate.dialect.MySQL5Dialect
2018-11-26 14:34:07,785 - Initialized JPA EntityManagerFactory for persistence unit 'default'
2018-11-26 14:34:08,725 - Initializing ExecutorService 'applicationTaskExecutor'
2018-11-26 14:34:08,776 - spring.jpa.open-in-view is enabled by default. Therefore, database queries may be performed during view rendering. Explicitly configure spring.jpa.open-in-view to disable this warning
2018-11-26 14:34:09,167 - Started ProductInfoServiceImplTest in 6.463 seconds (JVM running for 7.312)
2018-11-26 14:34:09,244 - HHH000397: Using ASTQueryTranslatorFactory
2018-11-26 14:34:09,570 - Shutting down ExecutorService 'applicationTaskExecutor'
2018-11-26 14:34:09,573 - Closing JPA EntityManagerFactory for persistence unit 'default'
2018-11-26 14:34:09,575 - HikariPool-1 - Shutdown initiated...
2018-11-26 14:34:09,578 - HikariPool-1 - Shutdown completed.
2018-11-26 14:35:58,940 - Starting ProductInfoServiceImplTest on Kim-PC with PID 13728 (started by Administrator in E:\hjz\spring-boot-pay\sell)
2018-11-26 14:35:58,941 - No active profile set, falling back to default profiles: default
2018-11-26 14:35:59,851 - Bootstrapping Spring Data repositories in DEFAULT mode.
2018-11-26 14:35:59,961 - Finished Spring Data repository scanning in 100ms. Found 2 repository interfaces.
2018-11-26 14:36:00,417 - Bean 'org.springframework.transaction.annotation.ProxyTransactionManagementConfiguration' of type [org.springframework.transaction.annotation.ProxyTransactionManagementConfiguration$$EnhancerBySpringCGLIB$$ec5d5046] is not eligible for getting processed by all BeanPostProcessors (for example: not eligible for auto-proxying)
2018-11-26 14:36:00,633 - HikariPool-1 - Starting...
2018-11-26 14:36:00,644 - Registered driver with driverClassName=com.mysql.jdbc.Driver was not found, trying direct instantiation.
2018-11-26 14:36:00,930 - HikariPool-1 - Start completed.
2018-11-26 14:36:01,097 - HHH000204: Processing PersistenceUnitInfo [
	name: default
	...]
2018-11-26 14:36:01,185 - HHH000412: Hibernate Core {5.3.7.Final}
2018-11-26 14:36:01,187 - HHH000206: hibernate.properties not found
2018-11-26 14:36:01,421 - HCANN000001: Hibernate Commons Annotations {5.0.4.Final}
2018-11-26 14:36:01,863 - HHH000400: Using dialect: org.hibernate.dialect.MySQL5Dialect
2018-11-26 14:36:02,548 - Initialized JPA EntityManagerFactory for persistence unit 'default'
2018-11-26 14:36:03,506 - Initializing ExecutorService 'applicationTaskExecutor'
2018-11-26 14:36:03,561 - spring.jpa.open-in-view is enabled by default. Therefore, database queries may be performed during view rendering. Explicitly configure spring.jpa.open-in-view to disable this warning
2018-11-26 14:36:03,860 - Started ProductInfoServiceImplTest in 5.792 seconds (JVM running for 6.585)
2018-11-26 14:36:03,937 - HHH000397: Using ASTQueryTranslatorFactory
2018-11-26 14:36:04,120 - Shutting down ExecutorService 'applicationTaskExecutor'
2018-11-26 14:36:04,122 - Closing JPA EntityManagerFactory for persistence unit 'default'
2018-11-26 14:36:04,125 - HikariPool-1 - Shutdown initiated...
2018-11-26 14:36:04,128 - HikariPool-1 - Shutdown completed.
2018-11-26 14:42:40,693 - Starting ProductInfoServiceImplTest on Kim-PC with PID 12008 (started by Administrator in E:\hjz\spring-boot-pay\sell)
2018-11-26 14:42:40,693 - No active profile set, falling back to default profiles: default
2018-11-26 14:42:41,706 - Bootstrapping Spring Data repositories in DEFAULT mode.
2018-11-26 14:42:41,838 - Finished Spring Data repository scanning in 122ms. Found 2 repository interfaces.
2018-11-26 14:42:42,344 - Bean 'org.springframework.transaction.annotation.ProxyTransactionManagementConfiguration' of type [org.springframework.transaction.annotation.ProxyTransactionManagementConfiguration$$EnhancerBySpringCGLIB$$5971c64b] is not eligible for getting processed by all BeanPostProcessors (for example: not eligible for auto-proxying)
2018-11-26 14:42:42,613 - HikariPool-1 - Starting...
2018-11-26 14:42:42,618 - Registered driver with driverClassName=com.mysql.jdbc.Driver was not found, trying direct instantiation.
2018-11-26 14:42:42,993 - HikariPool-1 - Start completed.
2018-11-26 14:42:43,079 - HHH000204: Processing PersistenceUnitInfo [
	name: default
	...]
2018-11-26 14:42:43,163 - HHH000412: Hibernate Core {5.3.7.Final}
2018-11-26 14:42:43,164 - HHH000206: hibernate.properties not found
2018-11-26 14:42:43,358 - HCANN000001: Hibernate Commons Annotations {5.0.4.Final}
2018-11-26 14:42:43,874 - HHH000400: Using dialect: org.hibernate.dialect.MySQL5Dialect
2018-11-26 14:42:44,585 - Initialized JPA EntityManagerFactory for persistence unit 'default'
2018-11-26 14:42:45,524 - Initializing ExecutorService 'applicationTaskExecutor'
2018-11-26 14:42:45,582 - spring.jpa.open-in-view is enabled by default. Therefore, database queries may be performed during view rendering. Explicitly configure spring.jpa.open-in-view to disable this warning
2018-11-26 14:42:45,929 - Started ProductInfoServiceImplTest in 5.813 seconds (JVM running for 6.693)
2018-11-26 14:42:46,033 - HHH000397: Using ASTQueryTranslatorFactory
2018-11-26 14:42:46,548 - Shutting down ExecutorService 'applicationTaskExecutor'
2018-11-26 14:42:46,550 - Closing JPA EntityManagerFactory for persistence unit 'default'
2018-11-26 14:42:46,552 - HikariPool-1 - Shutdown initiated...
2018-11-26 14:42:46,555 - HikariPool-1 - Shutdown completed.
2018-11-26 14:43:09,675 - Starting ProductInfoServiceImplTest on Kim-PC with PID 12196 (started by Administrator in E:\hjz\spring-boot-pay\sell)
2018-11-26 14:43:09,676 - No active profile set, falling back to default profiles: default
2018-11-26 14:43:10,380 - Bootstrapping Spring Data repositories in DEFAULT mode.
2018-11-26 14:43:10,482 - Finished Spring Data repository scanning in 94ms. Found 2 repository interfaces.
2018-11-26 14:43:10,954 - Bean 'org.springframework.transaction.annotation.ProxyTransactionManagementConfiguration' of type [org.springframework.transaction.annotation.ProxyTransactionManagementConfiguration$$EnhancerBySpringCGLIB$$2df72b02] is not eligible for getting processed by all BeanPostProcessors (for example: not eligible for auto-proxying)
2018-11-26 14:43:11,279 - HikariPool-1 - Starting...
2018-11-26 14:43:11,282 - Registered driver with driverClassName=com.mysql.jdbc.Driver was not found, trying direct instantiation.
2018-11-26 14:43:11,629 - HikariPool-1 - Start completed.
2018-11-26 14:43:11,729 - HHH000204: Processing PersistenceUnitInfo [
	name: default
	...]
2018-11-26 14:43:11,854 - HHH000412: Hibernate Core {5.3.7.Final}
2018-11-26 14:43:11,856 - HHH000206: hibernate.properties not found
2018-11-26 14:43:12,044 - HCANN000001: Hibernate Commons Annotations {5.0.4.Final}
2018-11-26 14:43:12,574 - HHH000400: Using dialect: org.hibernate.dialect.MySQL5Dialect
2018-11-26 14:43:13,295 - Initialized JPA EntityManagerFactory for persistence unit 'default'
2018-11-26 14:43:14,199 - Initializing ExecutorService 'applicationTaskExecutor'
2018-11-26 14:43:14,254 - spring.jpa.open-in-view is enabled by default. Therefore, database queries may be performed during view rendering. Explicitly configure spring.jpa.open-in-view to disable this warning
2018-11-26 14:43:14,575 - Started ProductInfoServiceImplTest in 6.016 seconds (JVM running for 6.839)
2018-11-26 14:43:14,681 - HHH000397: Using ASTQueryTranslatorFactory
2018-11-26 14:43:14,986 - Shutting down ExecutorService 'applicationTaskExecutor'
2018-11-26 14:43:14,988 - Closing JPA EntityManagerFactory for persistence unit 'default'
2018-11-26 14:43:14,990 - HikariPool-1 - Shutdown initiated...
2018-11-26 14:43:14,994 - HikariPool-1 - Shutdown completed.
2018-11-26 14:45:13,484 - Starting ProductInfoServiceImplTest on Kim-PC with PID 13492 (started by Administrator in E:\hjz\spring-boot-pay\sell)
2018-11-26 14:45:13,490 - No active profile set, falling back to default profiles: default
2018-11-26 14:45:14,607 - Bootstrapping Spring Data repositories in DEFAULT mode.
2018-11-26 14:45:14,767 - Finished Spring Data repository scanning in 149ms. Found 2 repository interfaces.
2018-11-26 14:45:15,308 - Bean 'org.springframework.transaction.annotation.ProxyTransactionManagementConfiguration' of type [org.springframework.transaction.annotation.ProxyTransactionManagementConfiguration$$EnhancerBySpringCGLIB$$d916b548] is not eligible for getting processed by all BeanPostProcessors (for example: not eligible for auto-proxying)
2018-11-26 14:45:15,526 - HikariPool-1 - Starting...
2018-11-26 14:45:15,539 - Registered driver with driverClassName=com.mysql.jdbc.Driver was not found, trying direct instantiation.
2018-11-26 14:45:15,902 - HikariPool-1 - Start completed.
2018-11-26 14:45:15,981 - HHH000204: Processing PersistenceUnitInfo [
	name: default
	...]
2018-11-26 14:45:16,070 - HHH000412: Hibernate Core {5.3.7.Final}
2018-11-26 14:45:16,072 - HHH000206: hibernate.properties not found
2018-11-26 14:45:16,293 - HCANN000001: Hibernate Commons Annotations {5.0.4.Final}
2018-11-26 14:45:16,720 - HHH000400: Using dialect: org.hibernate.dialect.MySQL5Dialect
2018-11-26 14:45:17,651 - Initialized JPA EntityManagerFactory for persistence unit 'default'
2018-11-26 14:45:19,072 - Initializing ExecutorService 'applicationTaskExecutor'
2018-11-26 14:45:19,142 - spring.jpa.open-in-view is enabled by default. Therefore, database queries may be performed during view rendering. Explicitly configure spring.jpa.open-in-view to disable this warning
2018-11-26 14:45:19,527 - Started ProductInfoServiceImplTest in 6.535 seconds (JVM running for 7.548)
2018-11-26 14:45:19,664 - HHH000397: Using ASTQueryTranslatorFactory
2018-11-26 14:45:19,998 - Shutting down ExecutorService 'applicationTaskExecutor'
2018-11-26 14:45:19,999 - Closing JPA EntityManagerFactory for persistence unit 'default'
2018-11-26 14:45:20,002 - HikariPool-1 - Shutdown initiated...
2018-11-26 14:45:20,017 - HikariPool-1 - Shutdown completed.
2018-11-26 14:52:21,063 - Starting ProductInfoServiceImplTest on Kim-PC with PID 1856 (started by Administrator in E:\hjz\spring-boot-pay\sell)
2018-11-26 14:52:21,064 - No active profile set, falling back to default profiles: default
2018-11-26 14:52:21,768 - Bootstrapping Spring Data repositories in DEFAULT mode.
2018-11-26 14:52:21,853 - Finished Spring Data repository scanning in 76ms. Found 2 repository interfaces.
2018-11-26 14:52:22,324 - Bean 'org.springframework.transaction.annotation.ProxyTransactionManagementConfiguration' of type [org.springframework.transaction.annotation.ProxyTransactionManagementConfiguration$$EnhancerBySpringCGLIB$$9caf024c] is not eligible for getting processed by all BeanPostProcessors (for example: not eligible for auto-proxying)
2018-11-26 14:52:22,622 - HikariPool-1 - Starting...
2018-11-26 14:52:22,643 - Registered driver with driverClassName=com.mysql.jdbc.Driver was not found, trying direct instantiation.
2018-11-26 14:52:23,026 - HikariPool-1 - Start completed.
2018-11-26 14:52:23,120 - HHH000204: Processing PersistenceUnitInfo [
	name: default
	...]
2018-11-26 14:52:23,240 - HHH000412: Hibernate Core {5.3.7.Final}
2018-11-26 14:52:23,242 - HHH000206: hibernate.properties not found
2018-11-26 14:52:23,476 - HCANN000001: Hibernate Commons Annotations {5.0.4.Final}
2018-11-26 14:52:24,080 - HHH000400: Using dialect: org.hibernate.dialect.MySQL5Dialect
2018-11-26 14:52:25,137 - Initialized JPA EntityManagerFactory for persistence unit 'default'
2018-11-26 14:52:26,389 - Initializing ExecutorService 'applicationTaskExecutor'
2018-11-26 14:52:26,464 - spring.jpa.open-in-view is enabled by default. Therefore, database queries may be performed during view rendering. Explicitly configure spring.jpa.open-in-view to disable this warning
2018-11-26 14:52:26,909 - Started ProductInfoServiceImplTest in 6.714 seconds (JVM running for 7.791)
2018-11-26 14:52:27,060 - HHH000397: Using ASTQueryTranslatorFactory
2018-11-26 14:53:18,455 - HikariPool-1 - Thread starvation or clock leap detected (housekeeper delta=55s324ms674s483ns).
2018-11-26 14:53:18,464 - Shutting down ExecutorService 'applicationTaskExecutor'
2018-11-26 14:53:18,466 - Closing JPA EntityManagerFactory for persistence unit 'default'
2018-11-26 14:53:18,468 - HikariPool-1 - Shutdown initiated...
2018-11-26 14:53:18,472 - HikariPool-1 - Shutdown completed.
2018-11-26 14:54:08,288 - Starting ProductInfoServiceImplTest on Kim-PC with PID 7984 (started by Administrator in E:\hjz\spring-boot-pay\sell)
2018-11-26 14:54:08,288 - No active profile set, falling back to default profiles: default
2018-11-26 14:54:08,957 - Bootstrapping Spring Data repositories in DEFAULT mode.
2018-11-26 14:54:09,064 - Finished Spring Data repository scanning in 94ms. Found 2 repository interfaces.
2018-11-26 14:54:09,609 - Bean 'org.springframework.transaction.annotation.ProxyTransactionManagementConfiguration' of type [org.springframework.transaction.annotation.ProxyTransactionManagementConfiguration$$EnhancerBySpringCGLIB$$66f18716] is not eligible for getting processed by all BeanPostProcessors (for example: not eligible for auto-proxying)
2018-11-26 14:54:09,895 - HikariPool-1 - Starting...
2018-11-26 14:54:09,899 - Registered driver with driverClassName=com.mysql.jdbc.Driver was not found, trying direct instantiation.
2018-11-26 14:54:10,481 - HikariPool-1 - Start completed.
2018-11-26 14:54:10,566 - HHH000204: Processing PersistenceUnitInfo [
	name: default
	...]
2018-11-26 14:54:10,653 - HHH000412: Hibernate Core {5.3.7.Final}
2018-11-26 14:54:10,655 - HHH000206: hibernate.properties not found
2018-11-26 14:54:10,870 - HCANN000001: Hibernate Commons Annotations {5.0.4.Final}
2018-11-26 14:54:11,271 - HHH000400: Using dialect: org.hibernate.dialect.MySQL5Dialect
2018-11-26 14:54:11,923 - Initialized JPA EntityManagerFactory for persistence unit 'default'
2018-11-26 14:54:12,870 - Initializing ExecutorService 'applicationTaskExecutor'
2018-11-26 14:54:12,923 - spring.jpa.open-in-view is enabled by default. Therefore, database queries may be performed during view rendering. Explicitly configure spring.jpa.open-in-view to disable this warning
2018-11-26 14:54:13,258 - Started ProductInfoServiceImplTest in 5.832 seconds (JVM running for 6.682)
2018-11-26 14:54:13,528 - Shutting down ExecutorService 'applicationTaskExecutor'
2018-11-26 14:54:13,530 - Closing JPA EntityManagerFactory for persistence unit 'default'
2018-11-26 14:54:13,533 - HikariPool-1 - Shutdown initiated...
2018-11-26 14:54:13,538 - HikariPool-1 - Shutdown completed.
2018-11-26 16:10:02,516 - Starting SellApplication on Kim-PC with PID 12536 (E:\hjz\spring-boot-pay\sell\target\classes started by Administrator in E:\hjz\spring-boot-pay\sell)
2018-11-26 16:10:02,518 - No active profile set, falling back to default profiles: default
2018-11-26 16:10:03,418 - Bootstrapping Spring Data repositories in DEFAULT mode.
2018-11-26 16:10:03,498 - Finished Spring Data repository scanning in 72ms. Found 2 repository interfaces.
2018-11-26 16:10:03,842 - Bean 'org.springframework.transaction.annotation.ProxyTransactionManagementConfiguration' of type [org.springframework.transaction.annotation.ProxyTransactionManagementConfiguration$$EnhancerBySpringCGLIB$$220e814b] is not eligible for getting processed by all BeanPostProcessors (for example: not eligible for auto-proxying)
2018-11-26 16:10:04,528 - Tomcat initialized with port(s): 8080 (http)
2018-11-26 16:10:04,544 - Initializing ProtocolHandler ["http-nio-8080"]
2018-11-26 16:10:04,549 - Starting service [Tomcat]
2018-11-26 16:10:04,549 - Starting Servlet Engine: Apache Tomcat/9.0.12
2018-11-26 16:10:04,567 - The APR based Apache Tomcat Native library which allows optimal performance in production environments was not found on the java.library.path: [D:\Program Files\Java8\jdk1.8.0_151\bin;C:\windows\Sun\Java\bin;C:\windows\system32;C:\windows;C:\Program Files (x86)\ScanSign;D:\Program Files\Java8\jdk1.8.0_151\bin;C:\ProgramData\Oracle\Java\javapath;C:\windows\system32;C:\windows;C:\windows\System32\Wbem;C:\windows\System32\WindowsPowerShell\v1.0\;D:\Program Files\Java8\jdk1.8.0_151\bin;D:\Program Files\Java8\jdk1.8.0_151\jre\bin;C:\Program Files (x86)\MySQL\MySQL Fabric 1.5 & MySQL Utilities 1.5\;C:\Program Files (x86)\MySQL\MySQL Fabric 1.5 & MySQL Utilities 1.5\Doctrine extensions for PHP\;C:\Program Files\TortoiseSVN\bin;D:\Program Files\Java\apache-maven-3.2.5\bin;E:\soft\rose\Rational\common;E:\soft\node\;C:\Program Files\wkhtmltopdf\bin;E:\soft\Yarn\bin\;E:\soft\VisualSVN Server\bin;E:\soft\node\node_modules\node_global;E:\Microsoft VS Code\bin;D:\Program Files\Git\cmd;C:\Users\Administrator\AppData\Local\Programs\Fiddler;C:\Users\Administrator\AppData\Roaming\npm;C:\Users\Administrator\AppData\Local\Yarn\bin;.]
2018-11-26 16:10:04,715 - Initializing Spring embedded WebApplicationContext
2018-11-26 16:10:04,715 - Root WebApplicationContext: initialization completed in 2168 ms
2018-11-26 16:10:04,748 - Servlet dispatcherServlet mapped to [/]
2018-11-26 16:10:04,752 - Mapping filter: 'characterEncodingFilter' to: [/*]
2018-11-26 16:10:04,753 - Mapping filter: 'hiddenHttpMethodFilter' to: [/*]
2018-11-26 16:10:04,753 - Mapping filter: 'formContentFilter' to: [/*]
2018-11-26 16:10:04,753 - Mapping filter: 'requestContextFilter' to: [/*]
2018-11-26 16:10:04,923 - HikariPool-1 - Starting...
2018-11-26 16:10:04,926 - Registered driver with driverClassName=com.mysql.jdbc.Driver was not found, trying direct instantiation.
2018-11-26 16:10:05,214 - HikariPool-1 - Start completed.
2018-11-26 16:10:05,267 - HHH000204: Processing PersistenceUnitInfo [
	name: default
	...]
2018-11-26 16:10:05,323 - HHH000412: Hibernate Core {5.3.7.Final}
2018-11-26 16:10:05,324 - HHH000206: hibernate.properties not found
2018-11-26 16:10:05,465 - HCANN000001: Hibernate Commons Annotations {5.0.4.Final}
2018-11-26 16:10:05,632 - HHH000400: Using dialect: org.hibernate.dialect.MySQL5Dialect
2018-11-26 16:10:06,357 - Initialized JPA EntityManagerFactory for persistence unit 'default'
2018-11-26 16:10:06,883 - Initializing ExecutorService 'applicationTaskExecutor'
2018-11-26 16:10:06,931 - spring.jpa.open-in-view is enabled by default. Therefore, database queries may be performed during view rendering. Explicitly configure spring.jpa.open-in-view to disable this warning
2018-11-26 16:10:07,090 - Starting ProtocolHandler ["http-nio-8080"]
2018-11-26 16:10:07,100 - Using a shared selector for servlet write/read
2018-11-26 16:10:07,128 - Tomcat started on port(s): 8080 (http) with context path '/sell'
2018-11-26 16:10:07,130 - Started SellApplication in 5.07 seconds (JVM running for 5.807)
2018-11-26 16:10:29,573 - Initializing Spring DispatcherServlet 'dispatcherServlet'
2018-11-26 16:10:29,573 - Initializing Servlet 'dispatcherServlet'
2018-11-26 16:10:29,600 - Completed initialization in 27 ms
2018-11-26 16:29:19,596 - Starting SellApplication on Kim-PC with PID 14268 (E:\hjz\spring-boot-pay\sell\target\classes started by Administrator in E:\hjz\spring-boot-pay\sell)
2018-11-26 16:29:19,604 - No active profile set, falling back to default profiles: default
2018-11-26 16:29:20,404 - Bootstrapping Spring Data repositories in DEFAULT mode.
2018-11-26 16:29:20,474 - Finished Spring Data repository scanning in 64ms. Found 2 repository interfaces.
2018-11-26 16:29:20,807 - Bean 'org.springframework.transaction.annotation.ProxyTransactionManagementConfiguration' of type [org.springframework.transaction.annotation.ProxyTransactionManagementConfiguration$$EnhancerBySpringCGLIB$$f80711cc] is not eligible for getting processed by all BeanPostProcessors (for example: not eligible for auto-proxying)
2018-11-26 16:29:21,189 - Tomcat initialized with port(s): 8080 (http)
2018-11-26 16:29:21,201 - Initializing ProtocolHandler ["http-nio-8080"]
2018-11-26 16:29:21,205 - Starting service [Tomcat]
2018-11-26 16:29:21,205 - Starting Servlet Engine: Apache Tomcat/9.0.12
2018-11-26 16:29:21,211 - The APR based Apache Tomcat Native library which allows optimal performance in production environments was not found on the java.library.path: [D:\Program Files\Java8\jdk1.8.0_151\bin;C:\windows\Sun\Java\bin;C:\windows\system32;C:\windows;C:\Program Files (x86)\ScanSign;D:\Program Files\Java8\jdk1.8.0_151\bin;C:\ProgramData\Oracle\Java\javapath;C:\windows\system32;C:\windows;C:\windows\System32\Wbem;C:\windows\System32\WindowsPowerShell\v1.0\;D:\Program Files\Java8\jdk1.8.0_151\bin;D:\Program Files\Java8\jdk1.8.0_151\jre\bin;C:\Program Files (x86)\MySQL\MySQL Fabric 1.5 & MySQL Utilities 1.5\;C:\Program Files (x86)\MySQL\MySQL Fabric 1.5 & MySQL Utilities 1.5\Doctrine extensions for PHP\;C:\Program Files\TortoiseSVN\bin;D:\Program Files\Java\apache-maven-3.2.5\bin;E:\soft\rose\Rational\common;E:\soft\node\;C:\Program Files\wkhtmltopdf\bin;E:\soft\Yarn\bin\;E:\soft\VisualSVN Server\bin;E:\soft\node\node_modules\node_global;E:\Microsoft VS Code\bin;D:\Program Files\Git\cmd;C:\Users\Administrator\AppData\Local\Programs\Fiddler;C:\Users\Administrator\AppData\Roaming\npm;C:\Users\Administrator\AppData\Local\Yarn\bin;.]
2018-11-26 16:29:21,313 - Initializing Spring embedded WebApplicationContext
2018-11-26 16:29:21,313 - Root WebApplicationContext: initialization completed in 1458 ms
2018-11-26 16:29:21,342 - Servlet dispatcherServlet mapped to [/]
2018-11-26 16:29:21,345 - Mapping filter: 'characterEncodingFilter' to: [/*]
2018-11-26 16:29:21,346 - Mapping filter: 'hiddenHttpMethodFilter' to: [/*]
2018-11-26 16:29:21,346 - Mapping filter: 'formContentFilter' to: [/*]
2018-11-26 16:29:21,346 - Mapping filter: 'requestContextFilter' to: [/*]
2018-11-26 16:29:21,473 - HikariPool-1 - Starting...
2018-11-26 16:29:21,474 - Registered driver with driverClassName=com.mysql.jdbc.Driver was not found, trying direct instantiation.
2018-11-26 16:29:21,746 - HikariPool-1 - Start completed.
2018-11-26 16:29:21,793 - HHH000204: Processing PersistenceUnitInfo [
	name: default
	...]
2018-11-26 16:29:21,850 - HHH000412: Hibernate Core {5.3.7.Final}
2018-11-26 16:29:21,851 - HHH000206: hibernate.properties not found
2018-11-26 16:29:21,976 - HCANN000001: Hibernate Commons Annotations {5.0.4.Final}
2018-11-26 16:29:22,109 - HHH000400: Using dialect: org.hibernate.dialect.MySQL5Dialect
2018-11-26 16:29:22,736 - Initialized JPA EntityManagerFactory for persistence unit 'default'
2018-11-26 16:29:23,250 - Initializing ExecutorService 'applicationTaskExecutor'
2018-11-26 16:29:23,281 - spring.jpa.open-in-view is enabled by default. Therefore, database queries may be performed during view rendering. Explicitly configure spring.jpa.open-in-view to disable this warning
2018-11-26 16:29:23,457 - Starting ProtocolHandler ["http-nio-8080"]
2018-11-26 16:29:23,469 - Using a shared selector for servlet write/read
2018-11-26 16:29:23,485 - Tomcat started on port(s): 8080 (http) with context path '/sell'
2018-11-26 16:29:23,486 - Started SellApplication in 4.289 seconds (JVM running for 4.846)
2018-11-26 16:29:26,966 - Initializing Spring DispatcherServlet 'dispatcherServlet'
2018-11-26 16:29:26,966 - Initializing Servlet 'dispatcherServlet'
2018-11-26 16:29:26,973 - Completed initialization in 7 ms
2018-11-26 16:29:55,862 - Starting SellApplication on Kim-PC with PID 13852 (E:\hjz\spring-boot-pay\sell\target\classes started by Administrator in E:\hjz\spring-boot-pay\sell)
2018-11-26 16:29:55,864 - No active profile set, falling back to default profiles: default
2018-11-26 16:29:56,582 - Bootstrapping Spring Data repositories in DEFAULT mode.
2018-11-26 16:29:56,658 - Finished Spring Data repository scanning in 70ms. Found 2 repository interfaces.
2018-11-26 16:29:57,018 - Bean 'org.springframework.transaction.annotation.ProxyTransactionManagementConfiguration' of type [org.springframework.transaction.annotation.ProxyTransactionManagementConfiguration$$EnhancerBySpringCGLIB$$ff62e2f8] is not eligible for getting processed by all BeanPostProcessors (for example: not eligible for auto-proxying)
2018-11-26 16:29:57,374 - Tomcat initialized with port(s): 8080 (http)
2018-11-26 16:29:57,387 - Initializing ProtocolHandler ["http-nio-8080"]
2018-11-26 16:29:57,395 - Starting service [Tomcat]
2018-11-26 16:29:57,396 - Starting Servlet Engine: Apache Tomcat/9.0.12
2018-11-26 16:29:57,403 - The APR based Apache Tomcat Native library which allows optimal performance in production environments was not found on the java.library.path: [D:\Program Files\Java8\jdk1.8.0_151\bin;C:\windows\Sun\Java\bin;C:\windows\system32;C:\windows;C:\Program Files (x86)\ScanSign;D:\Program Files\Java8\jdk1.8.0_151\bin;C:\ProgramData\Oracle\Java\javapath;C:\windows\system32;C:\windows;C:\windows\System32\Wbem;C:\windows\System32\WindowsPowerShell\v1.0\;D:\Program Files\Java8\jdk1.8.0_151\bin;D:\Program Files\Java8\jdk1.8.0_151\jre\bin;C:\Program Files (x86)\MySQL\MySQL Fabric 1.5 & MySQL Utilities 1.5\;C:\Program Files (x86)\MySQL\MySQL Fabric 1.5 & MySQL Utilities 1.5\Doctrine extensions for PHP\;C:\Program Files\TortoiseSVN\bin;D:\Program Files\Java\apache-maven-3.2.5\bin;E:\soft\rose\Rational\common;E:\soft\node\;C:\Program Files\wkhtmltopdf\bin;E:\soft\Yarn\bin\;E:\soft\VisualSVN Server\bin;E:\soft\node\node_modules\node_global;E:\Microsoft VS Code\bin;D:\Program Files\Git\cmd;C:\Users\Administrator\AppData\Local\Programs\Fiddler;C:\Users\Administrator\AppData\Roaming\npm;C:\Users\Administrator\AppData\Local\Yarn\bin;.]
2018-11-26 16:29:57,491 - Initializing Spring embedded WebApplicationContext
2018-11-26 16:29:57,491 - Root WebApplicationContext: initialization completed in 1516 ms
2018-11-26 16:29:57,520 - Servlet dispatcherServlet mapped to [/]
2018-11-26 16:29:57,524 - Mapping filter: 'characterEncodingFilter' to: [/*]
2018-11-26 16:29:57,525 - Mapping filter: 'hiddenHttpMethodFilter' to: [/*]
2018-11-26 16:29:57,525 - Mapping filter: 'formContentFilter' to: [/*]
2018-11-26 16:29:57,525 - Mapping filter: 'requestContextFilter' to: [/*]
2018-11-26 16:29:57,627 - HikariPool-1 - Starting...
2018-11-26 16:29:57,628 - Registered driver with driverClassName=com.mysql.jdbc.Driver was not found, trying direct instantiation.
2018-11-26 16:29:57,920 - HikariPool-1 - Start completed.
2018-11-26 16:29:57,967 - HHH000204: Processing PersistenceUnitInfo [
	name: default
	...]
2018-11-26 16:29:58,019 - HHH000412: Hibernate Core {5.3.7.Final}
2018-11-26 16:29:58,020 - HHH000206: hibernate.properties not found
2018-11-26 16:29:58,143 - HCANN000001: Hibernate Commons Annotations {5.0.4.Final}
2018-11-26 16:29:58,280 - HHH000400: Using dialect: org.hibernate.dialect.MySQL5Dialect
2018-11-26 16:29:58,889 - Initialized JPA EntityManagerFactory for persistence unit 'default'
2018-11-26 16:29:59,425 - Initializing ExecutorService 'applicationTaskExecutor'
2018-11-26 16:29:59,469 - spring.jpa.open-in-view is enabled by default. Therefore, database queries may be performed during view rendering. Explicitly configure spring.jpa.open-in-view to disable this warning
2018-11-26 16:29:59,656 - Starting ProtocolHandler ["http-nio-8080"]
2018-11-26 16:29:59,667 - Using a shared selector for servlet write/read
2018-11-26 16:29:59,684 - Tomcat started on port(s): 8080 (http) with context path '/sell'
2018-11-26 16:29:59,685 - Started SellApplication in 4.549 seconds (JVM running for 5.665)
2018-11-26 16:30:00,490 - Initializing Spring DispatcherServlet 'dispatcherServlet'
2018-11-26 16:30:00,490 - Initializing Servlet 'dispatcherServlet'
2018-11-26 16:30:00,497 - Completed initialization in 7 ms
2018-11-26 16:33:36,588 - Starting SellApplication on Kim-PC with PID 13500 (E:\hjz\spring-boot-pay\sell\target\classes started by Administrator in E:\hjz\spring-boot-pay\sell)
2018-11-26 16:33:36,590 - No active profile set, falling back to default profiles: default
2018-11-26 16:33:37,172 - Bootstrapping Spring Data repositories in DEFAULT mode.
2018-11-26 16:33:37,238 - Finished Spring Data repository scanning in 58ms. Found 2 repository interfaces.
2018-11-26 16:33:37,562 - Bean 'org.springframework.transaction.annotation.ProxyTransactionManagementConfiguration' of type [org.springframework.transaction.annotation.ProxyTransactionManagementConfiguration$$EnhancerBySpringCGLIB$$5bcdb8be] is not eligible for getting processed by all BeanPostProcessors (for example: not eligible for auto-proxying)
2018-11-26 16:33:37,900 - Tomcat initialized with port(s): 8080 (http)
2018-11-26 16:33:37,932 - Initializing ProtocolHandler ["http-nio-8080"]
2018-11-26 16:33:37,942 - Starting service [Tomcat]
2018-11-26 16:33:37,942 - Starting Servlet Engine: Apache Tomcat/9.0.12
2018-11-26 16:33:37,954 - The APR based Apache Tomcat Native library which allows optimal performance in production environments was not found on the java.library.path: [D:\Program Files\Java8\jdk1.8.0_151\bin;C:\windows\Sun\Java\bin;C:\windows\system32;C:\windows;C:\Program Files (x86)\ScanSign;D:\Program Files\Java8\jdk1.8.0_151\bin;C:\ProgramData\Oracle\Java\javapath;C:\windows\system32;C:\windows;C:\windows\System32\Wbem;C:\windows\System32\WindowsPowerShell\v1.0\;D:\Program Files\Java8\jdk1.8.0_151\bin;D:\Program Files\Java8\jdk1.8.0_151\jre\bin;C:\Program Files (x86)\MySQL\MySQL Fabric 1.5 & MySQL Utilities 1.5\;C:\Program Files (x86)\MySQL\MySQL Fabric 1.5 & MySQL Utilities 1.5\Doctrine extensions for PHP\;C:\Program Files\TortoiseSVN\bin;D:\Program Files\Java\apache-maven-3.2.5\bin;E:\soft\rose\Rational\common;E:\soft\node\;C:\Program Files\wkhtmltopdf\bin;E:\soft\Yarn\bin\;E:\soft\VisualSVN Server\bin;E:\soft\node\node_modules\node_global;E:\Microsoft VS Code\bin;D:\Program Files\Git\cmd;C:\Users\Administrator\AppData\Local\Programs\Fiddler;C:\Users\Administrator\AppData\Roaming\npm;C:\Users\Administrator\AppData\Local\Yarn\bin;.]
2018-11-26 16:33:38,064 - Initializing Spring embedded WebApplicationContext
2018-11-26 16:33:38,065 - Root WebApplicationContext: initialization completed in 1437 ms
2018-11-26 16:33:38,095 - Servlet dispatcherServlet mapped to [/]
2018-11-26 16:33:38,111 - Mapping filter: 'characterEncodingFilter' to: [/*]
2018-11-26 16:33:38,111 - Mapping filter: 'hiddenHttpMethodFilter' to: [/*]
2018-11-26 16:33:38,111 - Mapping filter: 'formContentFilter' to: [/*]
2018-11-26 16:33:38,111 - Mapping filter: 'requestContextFilter' to: [/*]
2018-11-26 16:33:38,247 - HikariPool-1 - Starting...
2018-11-26 16:33:38,248 - Registered driver with driverClassName=com.mysql.jdbc.Driver was not found, trying direct instantiation.
2018-11-26 16:33:38,577 - HikariPool-1 - Start completed.
2018-11-26 16:33:38,643 - HHH000204: Processing PersistenceUnitInfo [
	name: default
	...]
2018-11-26 16:33:38,709 - HHH000412: Hibernate Core {5.3.7.Final}
2018-11-26 16:33:38,710 - HHH000206: hibernate.properties not found
2018-11-26 16:33:38,869 - HCANN000001: Hibernate Commons Annotations {5.0.4.Final}
2018-11-26 16:33:39,035 - HHH000400: Using dialect: org.hibernate.dialect.MySQL5Dialect
2018-11-26 16:33:39,782 - Initialized JPA EntityManagerFactory for persistence unit 'default'
2018-11-26 16:33:40,366 - Initializing ExecutorService 'applicationTaskExecutor'
2018-11-26 16:33:40,417 - spring.jpa.open-in-view is enabled by default. Therefore, database queries may be performed during view rendering. Explicitly configure spring.jpa.open-in-view to disable this warning
2018-11-26 16:33:40,675 - Starting ProtocolHandler ["http-nio-8080"]
2018-11-26 16:33:40,687 - Using a shared selector for servlet write/read
2018-11-26 16:33:40,703 - Tomcat started on port(s): 8080 (http) with context path '/sell'
2018-11-26 16:33:40,705 - Started SellApplication in 4.817 seconds (JVM running for 5.609)
2018-11-26 16:33:40,875 - Initializing Spring DispatcherServlet 'dispatcherServlet'
2018-11-26 16:33:40,876 - Initializing Servlet 'dispatcherServlet'
2018-11-26 16:33:40,893 - Completed initialization in 17 ms
